/usr/bin/cmake -S/workspaces/Sere -B/workspaces/Sere --check-build-system CMakeFiles/Makefile.cmake 0
/usr/bin/cmake -E cmake_progress_start /workspaces/Sere/CMakeFiles /workspaces/Sere/CMakeFiles/progress.marks
make -f CMakeFiles/Makefile2 all
make[1]: Entering directory '/workspaces/Sere'
make -f CMakeFiles/Sere.dir/build.make CMakeFiles/Sere.dir/depend
make[2]: Entering directory '/workspaces/Sere'
cd /workspaces/Sere && /usr/bin/cmake -E cmake_depends "Unix Makefiles" /workspaces/Sere /workspaces/Sere /workspaces/Sere /workspaces/Sere /workspaces/Sere/CMakeFiles/Sere.dir/DependInfo.cmake --color=
make[2]: Leaving directory '/workspaces/Sere'
make -f CMakeFiles/Sere.dir/build.make CMakeFiles/Sere.dir/build
make[2]: Entering directory '/workspaces/Sere'
[ 50%] Building CXX object CMakeFiles/Sere.dir/main.cpp.o
/usr/bin/c++  -DFMT_SHARED -I/usr/lib/llvm-10/include -I/workspaces/Sere/Parser -isystem /opt/conda/include  -D_GNU_SOURCE -D__STDC_CONSTANT_MACROS -D__STDC_FORMAT_MACROS -D__STDC_LIMIT_MACROS -std=gnu++17 -o CMakeFiles/Sere.dir/main.cpp.o -c /workspaces/Sere/main.cpp
In file included from /workspaces/Sere/main.cpp:13:
/workspaces/Sere/./Sere/Parser/Parser.hpp:46: warning: "SERE_ASSERT" redefined
   46 | #define SERE_ASSERT(cond, token, msg) \
      | 
In file included from /workspaces/Sere/main.cpp:11:
/workspaces/Sere/./Sere/Scanner/Token.hpp:15: note: this is the location of the previous definition
   15 |     #define SERE_ASSERT(expr) assert(expr)
      | 
In file included from /workspaces/Sere/./Sere/Parser/AST/Expr.hpp:8,
                 from /workspaces/Sere/./Sere/Parser/Parser.hpp:12,
                 from /workspaces/Sere/main.cpp:13:
/workspaces/Sere/./Sere/Parser/AST/./Visitor.hpp: In member function ‘R SereParser::ExprVisitor<R>::accept_expression(const SereParser::ExprAST&)’:
/workspaces/Sere/./Sere/Parser/AST/./Visitor.hpp:263:20: warning: invalid use of incomplete type ‘const class SereParser::ExprAST’
  263 |             return expr.accept(*this);
      |                    ^~~~
/workspaces/Sere/./Sere/Parser/AST/./Visitor.hpp:261:62: note: forward declaration of ‘class SereParser::ExprAST’
  261 |         SEREPARSER_NODISCARD R accept_expression(const class ExprAST &expr)
      |                                                              ^~~~~~~
/workspaces/Sere/./Sere/Parser/AST/./Visitor.hpp: In member function ‘R SereParser::StatVisitor<R>::accept_statement(SereParser::StatAST&)’:
/workspaces/Sere/./Sere/Parser/AST/./Visitor.hpp:298:20: warning: invalid use of incomplete type ‘class SereParser::StatAST’
  298 |             return stat.accept(this);
      |                    ^~~~
/workspaces/Sere/./Sere/Parser/AST/./Visitor.hpp:296:55: note: forward declaration of ‘class SereParser::StatAST’
  296 |         SEREPARSER_NODISCARD R accept_statement(class StatAST &stat)
      |                                                       ^~~~~~~
/workspaces/Sere/./Sere/Parser/AST/./Visitor.hpp: In member function ‘virtual R SereParser::ExprVisitor<R>::visit_binary(const SereParser::BinaryExprAST&)’:
/workspaces/Sere/./Sere/Parser/AST/./Visitor.hpp:312:14: warning: invalid use of incomplete type ‘const class SereParser::BinaryExprAST’
  312 |         if (!expr.left || !expr.right)
      |              ^~~~
/workspaces/Sere/./Sere/Parser/AST/./Visitor.hpp:251:65: note: forward declaration of ‘class SereParser::BinaryExprAST’
  251 |         SEREPARSER_NODISCARD virtual R visit_binary(const class BinaryExprAST &expr) SEREPARSER_NOEXCEPT;
      |                                                                 ^~~~~~~~~~~~~
/workspaces/Sere/./Sere/Parser/AST/./Visitor.hpp:312:28: warning: invalid use of incomplete type ‘const class SereParser::BinaryExprAST’
  312 |         if (!expr.left || !expr.right)
      |                            ^~~~
/workspaces/Sere/./Sere/Parser/AST/./Visitor.hpp:251:65: note: forward declaration of ‘class SereParser::BinaryExprAST’
  251 |         SEREPARSER_NODISCARD virtual R visit_binary(const class BinaryExprAST &expr) SEREPARSER_NOEXCEPT;
      |                                                                 ^~~~~~~~~~~~~
/workspaces/Sere/./Sere/Parser/AST/./Visitor.hpp:315:25: warning: invalid use of incomplete type ‘const class SereParser::BinaryExprAST’
  315 |         auto left_val = expr.left->accept(*this);
      |                         ^~~~
/workspaces/Sere/./Sere/Parser/AST/./Visitor.hpp:251:65: note: forward declaration of ‘class SereParser::BinaryExprAST’
  251 |         SEREPARSER_NODISCARD virtual R visit_binary(const class BinaryExprAST &expr) SEREPARSER_NOEXCEPT;
      |                                                                 ^~~~~~~~~~~~~
/workspaces/Sere/./Sere/Parser/AST/./Visitor.hpp:316:26: warning: invalid use of incomplete type ‘const class SereParser::BinaryExprAST’
  316 |         auto right_val = expr.right->accept(*this);
      |                          ^~~~
/workspaces/Sere/./Sere/Parser/AST/./Visitor.hpp:251:65: note: forward declaration of ‘class SereParser::BinaryExprAST’
  251 |         SEREPARSER_NODISCARD virtual R visit_binary(const class BinaryExprAST &expr) SEREPARSER_NOEXCEPT;
      |                                                                 ^~~~~~~~~~~~~
/workspaces/Sere/./Sere/Parser/AST/./Visitor.hpp:333:17: warning: invalid use of incomplete type ‘const class SereParser::BinaryExprAST’
  333 |         switch (expr.op.type)
      |                 ^~~~
/workspaces/Sere/./Sere/Parser/AST/./Visitor.hpp:251:65: note: forward declaration of ‘class SereParser::BinaryExprAST’
  251 |         SEREPARSER_NODISCARD virtual R visit_binary(const class BinaryExprAST &expr) SEREPARSER_NOEXCEPT;
      |                                                                 ^~~~~~~~~~~~~
/workspaces/Sere/./Sere/Parser/AST/./Visitor.hpp: In member function ‘virtual R SereParser::ExprVisitor<R>::visit_literal(const SereParser::LiteralExprAST&)’:
/workspaces/Sere/./Sere/Parser/AST/./Visitor.hpp:376:37: warning: invalid use of incomplete type ‘const class SereParser::LiteralExprAST’
  376 |         type_checker->check_literal(expr.value);
      |                                     ^~~~
/workspaces/Sere/./Sere/Parser/AST/./Visitor.hpp:253:66: note: forward declaration of ‘class SereParser::LiteralExprAST’
  253 |         SEREPARSER_NODISCARD virtual R visit_literal(const class LiteralExprAST &expr) SEREPARSER_NOEXCEPT;
      |                                                                  ^~~~~~~~~~~~~~
/workspaces/Sere/./Sere/Parser/AST/./Visitor.hpp:378:28: warning: invalid use of incomplete type ‘const class SereParser::LiteralExprAST’
  378 |         SereObject value = expr.value; // copy
      |                            ^~~~
/workspaces/Sere/./Sere/Parser/AST/./Visitor.hpp:253:66: note: forward declaration of ‘class SereParser::LiteralExprAST’
  253 |         SEREPARSER_NODISCARD virtual R visit_literal(const class LiteralExprAST &expr) SEREPARSER_NOEXCEPT;
      |                                                                  ^~~~~~~~~~~~~~
/workspaces/Sere/./Sere/Parser/AST/./Visitor.hpp: In member function ‘virtual R SereParser::ExprVisitor<R>::visit_group(const SereParser::GroupExprAST&)’:
/workspaces/Sere/./Sere/Parser/AST/./Visitor.hpp:412:14: warning: invalid use of incomplete type ‘const class SereParser::GroupExprAST’
  412 |         if (!expr.expr)
      |              ^~~~
/workspaces/Sere/./Sere/Parser/AST/./Visitor.hpp:256:64: note: forward declaration of ‘class SereParser::GroupExprAST’
  256 |         SEREPARSER_NODISCARD virtual R visit_group(const class GroupExprAST &expr) SEREPARSER_NOEXCEPT;
      |                                                                ^~~~~~~~~~~~
/workspaces/Sere/./Sere/Parser/AST/./Visitor.hpp:414:16: warning: invalid use of incomplete type ‘const class SereParser::GroupExprAST’
  414 |         return expr.expr->accept(*this);
      |                ^~~~
/workspaces/Sere/./Sere/Parser/AST/./Visitor.hpp:256:64: note: forward declaration of ‘class SereParser::GroupExprAST’
  256 |         SEREPARSER_NODISCARD virtual R visit_group(const class GroupExprAST &expr) SEREPARSER_NOEXCEPT;
      |                                                                ^~~~~~~~~~~~
/workspaces/Sere/./Sere/Parser/AST/./Visitor.hpp: In member function ‘virtual R SereParser::ExprVisitor<R>::visit_unary(const SereParser::UnaryExprAST&)’:
/workspaces/Sere/./Sere/Parser/AST/./Visitor.hpp:421:14: warning: invalid use of incomplete type ‘const class SereParser::UnaryExprAST’
  421 |         if (!expr.operand)
      |              ^~~~
/workspaces/Sere/./Sere/Parser/AST/./Visitor.hpp:252:64: note: forward declaration of ‘class SereParser::UnaryExprAST’
  252 |         SEREPARSER_NODISCARD virtual R visit_unary(const class UnaryExprAST &expr) SEREPARSER_NOEXCEPT;
      |                                                                ^~~~~~~~~~~~
/workspaces/Sere/./Sere/Parser/AST/./Visitor.hpp:424:17: warning: invalid use of incomplete type ‘const class SereParser::UnaryExprAST’
  424 |         R val = expr.operand->accept(*this);
      |                 ^~~~
/workspaces/Sere/./Sere/Parser/AST/./Visitor.hpp:252:64: note: forward declaration of ‘class SereParser::UnaryExprAST’
  252 |         SEREPARSER_NODISCARD virtual R visit_unary(const class UnaryExprAST &expr) SEREPARSER_NOEXCEPT;
      |                                                                ^~~~~~~~~~~~
/workspaces/Sere/./Sere/Parser/AST/./Visitor.hpp:427:17: warning: invalid use of incomplete type ‘const class SereParser::UnaryExprAST’
  427 |         switch (expr.op.type)
      |                 ^~~~
/workspaces/Sere/./Sere/Parser/AST/./Visitor.hpp:252:64: note: forward declaration of ‘class SereParser::UnaryExprAST’
  252 |         SEREPARSER_NODISCARD virtual R visit_unary(const class UnaryExprAST &expr) SEREPARSER_NOEXCEPT;
      |                                                                ^~~~~~~~~~~~
/workspaces/Sere/./Sere/Parser/AST/./Visitor.hpp: In member function ‘virtual R SereParser::ExprVisitor<R>::visit_variable(const SereParser::VariableExprAST&)’:
/workspaces/Sere/./Sere/Parser/AST/./Visitor.hpp:444:70: warning: invalid use of incomplete type ‘const class SereParser::VariableExprAST’
  444 |         llvm::Value *var_ptr = RT::ctx.get_named_value(SANITIZE_NAME(expr.name.lexeme));
      |                                                                      ^~~~
/workspaces/Sere/./Sere/Parser/AST/./Visitor.hpp:52:50: note: in definition of macro ‘SANITIZE_NAME’
   52 | #define SANITIZE_NAME(name) _sanitize_name_impl_(name)
      |                                                  ^~~~
/workspaces/Sere/./Sere/Parser/AST/./Visitor.hpp:259:67: note: forward declaration of ‘class SereParser::VariableExprAST’
  259 |         SEREPARSER_NODISCARD virtual R visit_variable(const class VariableExprAST &expr) SEREPARSER_NOEXCEPT;
      |                                                                   ^~~~~~~~~~~~~~~
/workspaces/Sere/./Sere/Parser/AST/./Visitor.hpp:447:58: warning: invalid use of incomplete type ‘const class SereParser::VariableExprAST’
  447 |             throw std::runtime_error("LLVM variable '" + expr.name.lexeme + "' not found in current scope.");
      |                                                          ^~~~
/workspaces/Sere/./Sere/Parser/AST/./Visitor.hpp:259:67: note: forward declaration of ‘class SereParser::VariableExprAST’
  259 |         SEREPARSER_NODISCARD virtual R visit_variable(const class VariableExprAST &expr) SEREPARSER_NOEXCEPT;
      |                                                                   ^~~~~~~~~~~~~~~
/workspaces/Sere/./Sere/Parser/AST/./Visitor.hpp:451:126: warning: invalid use of incomplete type ‘const class SereParser::VariableExprAST’
  451 |         llvm::Value *loaded = RT::ctx.builder.CreateLoad(var_ptr->getType()->getPointerElementType(), var_ptr, SANITIZE_NAME(expr.name.lexeme));
      |                                                                                                                              ^~~~
/workspaces/Sere/./Sere/Parser/AST/./Visitor.hpp:52:50: note: in definition of macro ‘SANITIZE_NAME’
   52 | #define SANITIZE_NAME(name) _sanitize_name_impl_(name)
      |                                                  ^~~~
/workspaces/Sere/./Sere/Parser/AST/./Visitor.hpp:259:67: note: forward declaration of ‘class SereParser::VariableExprAST’
  259 |         SEREPARSER_NODISCARD virtual R visit_variable(const class VariableExprAST &expr) SEREPARSER_NOEXCEPT;
      |                                                                   ^~~~~~~~~~~~~~~
/workspaces/Sere/./Sere/Parser/AST/./Visitor.hpp: In member function ‘virtual R SereParser::ExprVisitor<R>::visit_call(const SereParser::CallExprAST&)’:
/workspaces/Sere/./Sere/Parser/AST/./Visitor.hpp:471:76: warning: invalid use of incomplete type ‘const class SereParser::CallExprAST’
  471 |         llvm::Function *callee = RT::ctx.module->getFunction(SANITIZE_NAME(expr.callee.lexeme));
      |                                                                            ^~~~
/workspaces/Sere/./Sere/Parser/AST/./Visitor.hpp:52:50: note: in definition of macro ‘SANITIZE_NAME’
   52 | #define SANITIZE_NAME(name) _sanitize_name_impl_(name)
      |                                                  ^~~~
/workspaces/Sere/./Sere/Parser/AST/./Visitor.hpp:255:63: note: forward declaration of ‘class SereParser::CallExprAST’
  255 |         SEREPARSER_NODISCARD virtual R visit_call(const class CallExprAST &expr) SEREPARSER_NOEXCEPT;
      |                                                               ^~~~~~~~~~~
/workspaces/Sere/./Sere/Parser/AST/./Visitor.hpp:473:52: warning: invalid use of incomplete type ‘const class SereParser::CallExprAST’
  473 |             throw std::runtime_error(SANITIZE_NAME(expr.callee.lexeme) + " is not defined in the current scope.");
      |                                                    ^~~~
/workspaces/Sere/./Sere/Parser/AST/./Visitor.hpp:52:50: note: in definition of macro ‘SANITIZE_NAME’
   52 | #define SANITIZE_NAME(name) _sanitize_name_impl_(name)
      |                                                  ^~~~
/workspaces/Sere/./Sere/Parser/AST/./Visitor.hpp:255:63: note: forward declaration of ‘class SereParser::CallExprAST’
  255 |         SEREPARSER_NODISCARD virtual R visit_call(const class CallExprAST &expr) SEREPARSER_NOEXCEPT;
      |                                                               ^~~~~~~~~~~
/workspaces/Sere/./Sere/Parser/AST/./Visitor.hpp:480:26: warning: invalid use of incomplete type ‘const class SereParser::CallExprAST’
  480 |         if (!isVarArg && expr.arguments.size() != expected_count) {
      |                          ^~~~
/workspaces/Sere/./Sere/Parser/AST/./Visitor.hpp:255:63: note: forward declaration of ‘class SereParser::CallExprAST’
  255 |         SEREPARSER_NODISCARD virtual R visit_call(const class CallExprAST &expr) SEREPARSER_NOEXCEPT;
      |                                                               ^~~~~~~~~~~
/workspaces/Sere/./Sere/Parser/AST/./Visitor.hpp:481:101: warning: invalid use of incomplete type ‘const class SereParser::CallExprAST’
  481 |             throw std::runtime_error("argument count mismatch in function call to " + SANITIZE_NAME(expr.callee.lexeme));
      |                                                                                                     ^~~~
/workspaces/Sere/./Sere/Parser/AST/./Visitor.hpp:52:50: note: in definition of macro ‘SANITIZE_NAME’
   52 | #define SANITIZE_NAME(name) _sanitize_name_impl_(name)
      |                                                  ^~~~
/workspaces/Sere/./Sere/Parser/AST/./Visitor.hpp:255:63: note: forward declaration of ‘class SereParser::CallExprAST’
  255 |         SEREPARSER_NODISCARD virtual R visit_call(const class CallExprAST &expr) SEREPARSER_NOEXCEPT;
      |                                                               ^~~~~~~~~~~
/workspaces/Sere/./Sere/Parser/AST/./Visitor.hpp:485:36: warning: invalid use of incomplete type ‘const class SereParser::CallExprAST’
  485 |         for (const auto& argExpr : expr.arguments) {
      |                                    ^~~~
/workspaces/Sere/./Sere/Parser/AST/./Visitor.hpp:255:63: note: forward declaration of ‘class SereParser::CallExprAST’
  255 |         SEREPARSER_NODISCARD virtual R visit_call(const class CallExprAST &expr) SEREPARSER_NOEXCEPT;
      |                                                               ^~~~~~~~~~~
/workspaces/Sere/./Sere/Parser/AST/./Visitor.hpp:498:130: warning: invalid use of incomplete type ‘const class SereParser::CallExprAST’
  498 |                 throw std::runtime_error("Argument " + std::to_string(i) + " type mismatch in function call to " + SANITIZE_NAME(expr.callee.lexeme));
      |                                                                                                                                  ^~~~
/workspaces/Sere/./Sere/Parser/AST/./Visitor.hpp:52:50: note: in definition of macro ‘SANITIZE_NAME’
   52 | #define SANITIZE_NAME(name) _sanitize_name_impl_(name)
      |                                                  ^~~~
/workspaces/Sere/./Sere/Parser/AST/./Visitor.hpp:255:63: note: forward declaration of ‘class SereParser::CallExprAST’
  255 |         SEREPARSER_NODISCARD virtual R visit_call(const class CallExprAST &expr) SEREPARSER_NOEXCEPT;
      |                                                               ^~~~~~~~~~~
/workspaces/Sere/./Sere/Parser/AST/./Visitor.hpp: In member function ‘virtual R SereParser::StatVisitor<R>::visit_assign(const SereParser::AssignStatAST&)’:
/workspaces/Sere/./Sere/Parser/AST/./Visitor.hpp:533:48: warning: invalid use of incomplete type ‘const class SereParser::AssignStatAST’
  533 |         const std::string name = SANITIZE_NAME(stat.name.lexeme);
      |                                                ^~~~
/workspaces/Sere/./Sere/Parser/AST/./Visitor.hpp:52:50: note: in definition of macro ‘SANITIZE_NAME’
   52 | #define SANITIZE_NAME(name) _sanitize_name_impl_(name)
      |                                                  ^~~~
/workspaces/Sere/./Sere/Parser/AST/./Visitor.hpp:294:65: note: forward declaration of ‘class SereParser::AssignStatAST’
  294 |         SEREPARSER_NODISCARD virtual R visit_assign(const class AssignStatAST &stat) SEREPARSER_NOEXCEPT;
      |                                                                 ^~~~~~~~~~~~~
/workspaces/Sere/./Sere/Parser/AST/./Visitor.hpp:534:28: warning: invalid use of incomplete type ‘const class SereParser::AssignStatAST’
  534 |         SereObject value = stat.initializer ? stat.initializer->accept(*expr_visitor) : SereObject();
      |                            ^~~~
/workspaces/Sere/./Sere/Parser/AST/./Visitor.hpp:294:65: note: forward declaration of ‘class SereParser::AssignStatAST’
  294 |         SEREPARSER_NODISCARD virtual R visit_assign(const class AssignStatAST &stat) SEREPARSER_NOEXCEPT;
      |                                                                 ^~~~~~~~~~~~~
/workspaces/Sere/./Sere/Parser/AST/./Visitor.hpp:534:47: warning: invalid use of incomplete type ‘const class SereParser::AssignStatAST’
  534 |         SereObject value = stat.initializer ? stat.initializer->accept(*expr_visitor) : SereObject();
      |                                               ^~~~
/workspaces/Sere/./Sere/Parser/AST/./Visitor.hpp:294:65: note: forward declaration of ‘class SereParser::AssignStatAST’
  294 |         SEREPARSER_NODISCARD virtual R visit_assign(const class AssignStatAST &stat) SEREPARSER_NOEXCEPT;
      |                                                                 ^~~~~~~~~~~~~
/workspaces/Sere/./Sere/Parser/AST/./Visitor.hpp:553:17: warning: invalid use of incomplete type ‘const class SereParser::AssignStatAST’
  553 |             if (stat.type_annotation)
      |                 ^~~~
/workspaces/Sere/./Sere/Parser/AST/./Visitor.hpp:294:65: note: forward declaration of ‘class SereParser::AssignStatAST’
  294 |         SEREPARSER_NODISCARD virtual R visit_assign(const class AssignStatAST &stat) SEREPARSER_NOEXCEPT;
      |                                                                 ^~~~~~~~~~~~~
/workspaces/Sere/./Sere/Parser/AST/./Visitor.hpp:555:53: warning: invalid use of incomplete type ‘const class SereParser::AssignStatAST’
  555 |                 auto annotated_type = SANITIZE_NAME(stat.type_annotation->name.lexeme);
      |                                                     ^~~~
/workspaces/Sere/./Sere/Parser/AST/./Visitor.hpp:52:50: note: in definition of macro ‘SANITIZE_NAME’
   52 | #define SANITIZE_NAME(name) _sanitize_name_impl_(name)
      |                                                  ^~~~
/workspaces/Sere/./Sere/Parser/AST/./Visitor.hpp:294:65: note: forward declaration of ‘class SereParser::AssignStatAST’
  294 |         SEREPARSER_NODISCARD virtual R visit_assign(const class AssignStatAST &stat) SEREPARSER_NOEXCEPT;
      |                                                                 ^~~~~~~~~~~~~
/workspaces/Sere/./Sere/Parser/AST/./Visitor.hpp: In member function ‘virtual R SereParser::StatVisitor<R>::visit_expr(const SereParser::ExprStatAST&)’:
/workspaces/Sere/./Sere/Parser/AST/./Visitor.hpp:612:14: warning: invalid use of incomplete type ‘const class SereParser::ExprStatAST’
  612 |         if (!stat.expr)
      |              ^~~~
/workspaces/Sere/./Sere/Parser/AST/./Visitor.hpp:289:63: note: forward declaration of ‘class SereParser::ExprStatAST’
  289 |         SEREPARSER_NODISCARD virtual R visit_expr(const class ExprStatAST &stat) SEREPARSER_NOEXCEPT;
      |                                                               ^~~~~~~~~~~
/workspaces/Sere/./Sere/Parser/AST/./Visitor.hpp:614:16: warning: invalid use of incomplete type ‘const class SereParser::ExprStatAST’
  614 |         return stat.expr->accept(*expr_visitor);
      |                ^~~~
/workspaces/Sere/./Sere/Parser/AST/./Visitor.hpp:289:63: note: forward declaration of ‘class SereParser::ExprStatAST’
  289 |         SEREPARSER_NODISCARD virtual R visit_expr(const class ExprStatAST &stat) SEREPARSER_NOEXCEPT;
      |                                                               ^~~~~~~~~~~
/workspaces/Sere/./Sere/Parser/AST/./Visitor.hpp: In member function ‘virtual R SereParser::StatVisitor<R>::visit_block(const SereParser::BlockStatAST&)’:
/workspaces/Sere/./Sere/Parser/AST/./Visitor.hpp:629:32: warning: invalid use of incomplete type ‘const class SereParser::BlockStatAST’
  629 |         for (auto &statement : stat.statements)
      |                                ^~~~
/workspaces/Sere/./Sere/Parser/AST/./Visitor.hpp:287:64: note: forward declaration of ‘class SereParser::BlockStatAST’
  287 |         SEREPARSER_NODISCARD virtual R visit_block(const class BlockStatAST &stat) SEREPARSER_NOEXCEPT;
      |                                                                ^~~~~~~~~~~~
/workspaces/Sere/./Sere/Parser/AST/./Visitor.hpp: In member function ‘virtual R SereParser::StatVisitor<R>::visit_function(const SereParser::FunctionStatAST&)’:
/workspaces/Sere/./Sere/Parser/AST/./Visitor.hpp:652:33: warning: invalid use of incomplete type ‘const class SereParser::FunctionStatAST’
  652 |         std::string func_name = func.name.lexeme;
      |                                 ^~~~
/workspaces/Sere/./Sere/Parser/AST/./Visitor.hpp:290:67: note: forward declaration of ‘class SereParser::FunctionStatAST’
  290 |         SEREPARSER_NODISCARD virtual R visit_function(const class FunctionStatAST &stat) SEREPARSER_NOEXCEPT;
      |                                                                   ^~~~~~~~~~~~~~~
/workspaces/Sere/./Sere/Parser/AST/./Visitor.hpp:659:34: warning: invalid use of incomplete type ‘const class SereParser::FunctionStatAST’
  659 |         for (const auto &param : func.params)
      |                                  ^~~~
/workspaces/Sere/./Sere/Parser/AST/./Visitor.hpp:290:67: note: forward declaration of ‘class SereParser::FunctionStatAST’
  290 |         SEREPARSER_NODISCARD virtual R visit_function(const class FunctionStatAST &stat) SEREPARSER_NOEXCEPT;
      |                                                                   ^~~~~~~~~~~~~~~
/workspaces/Sere/./Sere/Parser/AST/./Visitor.hpp:672:13: warning: invalid use of incomplete type ‘const class SereParser::FunctionStatAST’
  672 |         if (func.type_annotation)
      |             ^~~~
/workspaces/Sere/./Sere/Parser/AST/./Visitor.hpp:290:67: note: forward declaration of ‘class SereParser::FunctionStatAST’
  290 |         SEREPARSER_NODISCARD virtual R visit_function(const class FunctionStatAST &stat) SEREPARSER_NOEXCEPT;
      |                                                                   ^~~~~~~~~~~~~~~
/workspaces/Sere/./Sere/Parser/AST/./Visitor.hpp:674:63: warning: invalid use of incomplete type ‘const class SereParser::FunctionStatAST’
  674 |             return_type = typename_to_llvm_type(SANITIZE_NAME(func.type_annotation->name.lexeme));
      |                                                               ^~~~
/workspaces/Sere/./Sere/Parser/AST/./Visitor.hpp:52:50: note: in definition of macro ‘SANITIZE_NAME’
   52 | #define SANITIZE_NAME(name) _sanitize_name_impl_(name)
      |                                                  ^~~~
/workspaces/Sere/./Sere/Parser/AST/./Visitor.hpp:290:67: note: forward declaration of ‘class SereParser::FunctionStatAST’
  290 |         SEREPARSER_NODISCARD virtual R visit_function(const class FunctionStatAST &stat) SEREPARSER_NOEXCEPT;
      |                                                                   ^~~~~~~~~~~~~~~
/workspaces/Sere/./Sere/Parser/AST/./Visitor.hpp:677:69: warning: invalid use of incomplete type ‘const class SereParser::FunctionStatAST’
  677 |                 throw std::runtime_error("Function return type '" + func.type_annotation->name.lexeme + "' is invalid.");
      |                                                                     ^~~~
/workspaces/Sere/./Sere/Parser/AST/./Visitor.hpp:290:67: note: forward declaration of ‘class SereParser::FunctionStatAST’
  290 |         SEREPARSER_NODISCARD virtual R visit_function(const class FunctionStatAST &stat) SEREPARSER_NOEXCEPT;
      |                                                                   ^~~~~~~~~~~~~~~
/workspaces/Sere/./Sere/Parser/AST/./Visitor.hpp:699:26: warning: invalid use of incomplete type ‘const class SereParser::FunctionStatAST’
  699 |             auto param = func.params[idx];
      |                          ^~~~
/workspaces/Sere/./Sere/Parser/AST/./Visitor.hpp:290:67: note: forward declaration of ‘class SereParser::FunctionStatAST’
  290 |         SEREPARSER_NODISCARD virtual R visit_function(const class FunctionStatAST &stat) SEREPARSER_NOEXCEPT;
      |                                                                   ^~~~~~~~~~~~~~~
/workspaces/Sere/./Sere/Parser/AST/./Visitor.hpp:708:9: warning: invalid use of incomplete type ‘const class SereParser::FunctionStatAST’
  708 |         func.body->accept(*this);
      |         ^~~~
/workspaces/Sere/./Sere/Parser/AST/./Visitor.hpp:290:67: note: forward declaration of ‘class SereParser::FunctionStatAST’
  290 |         SEREPARSER_NODISCARD virtual R visit_function(const class FunctionStatAST &stat) SEREPARSER_NOEXCEPT;
      |                                                                   ^~~~~~~~~~~~~~~
/workspaces/Sere/./Sere/Parser/AST/./Visitor.hpp: In member function ‘virtual R SereParser::StatVisitor<R>::visit_return(const SereParser::ReturnStatAST&)’:
/workspaces/Sere/./Sere/Parser/AST/./Visitor.hpp:749:13: warning: invalid use of incomplete type ‘const class SereParser::ReturnStatAST’
  749 |         if (stat.value)
      |             ^~~~
/workspaces/Sere/./Sere/Parser/AST/./Visitor.hpp:293:65: note: forward declaration of ‘class SereParser::ReturnStatAST’
  293 |         SEREPARSER_NODISCARD virtual R visit_return(const class ReturnStatAST &stat) SEREPARSER_NOEXCEPT;
      |                                                                 ^~~~~~~~~~~~~
/workspaces/Sere/./Sere/Parser/AST/./Visitor.hpp:751:39: warning: invalid use of incomplete type ‘const class SereParser::ReturnStatAST’
  751 |             SereObject return_value = stat.value->accept(*expr_visitor);
      |                                       ^~~~
/workspaces/Sere/./Sere/Parser/AST/./Visitor.hpp:293:65: note: forward declaration of ‘class SereParser::ReturnStatAST’
  293 |         SEREPARSER_NODISCARD virtual R visit_return(const class ReturnStatAST &stat) SEREPARSER_NOEXCEPT;
      |                                                                 ^~~~~~~~~~~~~
In file included from /workspaces/Sere/./Sere/Std/Registry.hpp:15,
                 from /workspaces/Sere/main.cpp:35:
/workspaces/Sere/./Sere/Std/./Standard.hpp: In function ‘void SereLib::init_core(llvm::Module&, llvm::LLVMContext&)’:
/workspaces/Sere/./Sere/Std/./Standard.hpp:17:9: error: ‘print_init_builtin’ was not declared in this scope
   17 |         print_init_builtin(module, context);
      |         ^~~~~~~~~~~~~~~~~~
/workspaces/Sere/./Sere/Std/./Standard.hpp: In function ‘void SereLib::print_init_builtin(llvm::Module&, llvm::LLVMContext&)’:
/workspaces/Sere/./Sere/Std/./Standard.hpp:47:13: error: ‘print_ty’ was not declared in this scope; did you mean ‘print_def’?
   47 |             print_ty, llvm::Function::ExternalLinkage, "print", &module
      |             ^~~~~~~~
      |             print_def
In file included from /workspaces/Sere/main.cpp:35:
/workspaces/Sere/./Sere/Std/Registry.hpp: In function ‘void SereLib::include_lib(llvm::Module&, llvm::LLVMContext&, const string&)’:
/workspaces/Sere/./Sere/Std/Registry.hpp:33:17: error: no match for ‘operator==’ (operand types are ‘const string’ {aka ‘const std::__cxx11::basic_string<char>’} and ‘std::unordered_map<std::__cxx11::basic_string<char>, std::function<void(llvm::Module&, llvm::LLVMContext&)> >::iterator’ {aka ‘std::__detail::_Node_iterator<std::pair<const std::__cxx11::basic_string<char>, std::function<void(llvm::Module&, llvm::LLVMContext&)> >, false, true>’})
   33 |         if (lib == reg.end()) {
      |             ~~~ ^~ ~~~~~~~~~
      |             |             |
      |             |             std::unordered_map<std::__cxx11::basic_string<char>, std::function<void(llvm::Module&, llvm::LLVMContext&)> >::iterator {aka std::__detail::_Node_iterator<std::pair<const std::__cxx11::basic_string<char>, std::function<void(llvm::Module&, llvm::LLVMContext&)> >, false, true>}
      |             const string {aka const std::__cxx11::basic_string<char>}
In file included from /usr/include/c++/9/bits/hashtable.h:35,
                 from /usr/include/c++/9/unordered_map:46,
                 from /usr/include/c++/9/functional:61,
                 from /usr/include/c++/9/pstl/glue_algorithm_defs.h:13,
                 from /usr/include/c++/9/algorithm:71,
                 from /workspaces/Sere/./Sere/Scanner/Scanner.hpp:12,
                 from /workspaces/Sere/main.cpp:12:
/usr/include/c++/9/bits/hashtable_policy.h:304:5: note: candidate: ‘template<class _Value, bool _Cache_hash_code> bool std::__detail::operator==(const std::__detail::_Node_iterator_base<_Value, _Cache_hash_code>&, const std::__detail::_Node_iterator_base<_Value, _Cache_hash_code>&)’
  304 |     operator==(const _Node_iterator_base<_Value, _Cache_hash_code>& __x,
      |     ^~~~~~~~
/usr/include/c++/9/bits/hashtable_policy.h:304:5: note:   template argument deduction/substitution failed:
In file included from /workspaces/Sere/main.cpp:35:
/workspaces/Sere/./Sere/Std/Registry.hpp:33:28: note:   ‘const string’ {aka ‘const std::__cxx11::basic_string<char>’} is not derived from ‘const std::__detail::_Node_iterator_base<_Value, _Cache_hash_code>’
   33 |         if (lib == reg.end()) {
      |                            ^
In file included from /usr/include/c++/9/bits/hashtable.h:35,
                 from /usr/include/c++/9/unordered_map:46,
                 from /usr/include/c++/9/functional:61,
                 from /usr/include/c++/9/pstl/glue_algorithm_defs.h:13,
                 from /usr/include/c++/9/algorithm:71,
                 from /workspaces/Sere/./Sere/Scanner/Scanner.hpp:12,
                 from /workspaces/Sere/main.cpp:12:
/usr/include/c++/9/bits/hashtable_policy.h:1628:5: note: candidate: ‘template<class _Key, class _Value, class _ExtractKey, class _H1, class _H2, class _Hash, bool __cache> bool std::__detail::operator==(const std::__detail::_Local_iterator_base<_Key, _Value, _ExtractKey, _H1, _H2, _Hash, __cache>&, const std::__detail::_Local_iterator_base<_Key, _Value, _ExtractKey, _H1, _H2, _Hash, __cache>&)’
 1628 |     operator==(const _Local_iterator_base<_Key, _Value, _ExtractKey,
      |     ^~~~~~~~
/usr/include/c++/9/bits/hashtable_policy.h:1628:5: note:   template argument deduction/substitution failed:
In file included from /workspaces/Sere/main.cpp:35:
/workspaces/Sere/./Sere/Std/Registry.hpp:33:28: note:   ‘const string’ {aka ‘const std::__cxx11::basic_string<char>’} is not derived from ‘const std::__detail::_Local_iterator_base<_Key, _Value, _ExtractKey, _H1, _H2, _Hash, __cache>’
   33 |         if (lib == reg.end()) {
      |                            ^
In file included from /usr/include/c++/9/iosfwd:40,
                 from /usr/include/c++/9/ios:38,
                 from /usr/include/c++/9/ostream:38,
                 from /usr/include/c++/9/iostream:39,
                 from /workspaces/Sere/main.cpp:1:
/usr/include/c++/9/bits/postypes.h:222:5: note: candidate: ‘template<class _StateT> bool std::operator==(const std::fpos<_StateT>&, const std::fpos<_StateT>&)’
  222 |     operator==(const fpos<_StateT>& __lhs, const fpos<_StateT>& __rhs)
      |     ^~~~~~~~
/usr/include/c++/9/bits/postypes.h:222:5: note:   template argument deduction/substitution failed:
In file included from /workspaces/Sere/main.cpp:35:
/workspaces/Sere/./Sere/Std/Registry.hpp:33:28: note:   ‘const string’ {aka ‘const std::__cxx11::basic_string<char>’} is not derived from ‘const std::fpos<_StateT>’
   33 |         if (lib == reg.end()) {
      |                            ^
In file included from /usr/include/c++/9/bits/stl_algobase.h:64,
                 from /usr/include/c++/9/bits/char_traits.h:39,
                 from /usr/include/c++/9/ios:40,
                 from /usr/include/c++/9/ostream:38,
                 from /usr/include/c++/9/iostream:39,
                 from /workspaces/Sere/main.cpp:1:
/usr/include/c++/9/bits/stl_pair.h:448:5: note: candidate: ‘template<class _T1, class _T2> constexpr bool std::operator==(const std::pair<_T1, _T2>&, const std::pair<_T1, _T2>&)’
  448 |     operator==(const pair<_T1, _T2>& __x, const pair<_T1, _T2>& __y)
      |     ^~~~~~~~
/usr/include/c++/9/bits/stl_pair.h:448:5: note:   template argument deduction/substitution failed:
In file included from /workspaces/Sere/main.cpp:35:
/workspaces/Sere/./Sere/Std/Registry.hpp:33:28: note:   ‘const string’ {aka ‘const std::__cxx11::basic_string<char>’} is not derived from ‘const std::pair<_T1, _T2>’
   33 |         if (lib == reg.end()) {
      |                            ^
In file included from /usr/include/c++/9/bits/stl_algobase.h:67,
                 from /usr/include/c++/9/bits/char_traits.h:39,
                 from /usr/include/c++/9/ios:40,
                 from /usr/include/c++/9/ostream:38,
                 from /usr/include/c++/9/iostream:39,
                 from /workspaces/Sere/main.cpp:1:
/usr/include/c++/9/bits/stl_iterator.h:325:5: note: candidate: ‘template<class _Iterator> constexpr bool std::operator==(const std::reverse_iterator<_Iterator>&, const std::reverse_iterator<_Iterator>&)’
  325 |     operator==(const reverse_iterator<_Iterator>& __x,
      |     ^~~~~~~~
/usr/include/c++/9/bits/stl_iterator.h:325:5: note:   template argument deduction/substitution failed:
In file included from /workspaces/Sere/main.cpp:35:
/workspaces/Sere/./Sere/Std/Registry.hpp:33:28: note:   ‘const string’ {aka ‘const std::__cxx11::basic_string<char>’} is not derived from ‘const std::reverse_iterator<_Iterator>’
   33 |         if (lib == reg.end()) {
      |                            ^
In file included from /usr/include/c++/9/bits/stl_algobase.h:67,
                 from /usr/include/c++/9/bits/char_traits.h:39,
                 from /usr/include/c++/9/ios:40,
                 from /usr/include/c++/9/ostream:38,
                 from /usr/include/c++/9/iostream:39,
                 from /workspaces/Sere/main.cpp:1:
/usr/include/c++/9/bits/stl_iterator.h:363:5: note: candidate: ‘template<class _IteratorL, class _IteratorR> constexpr bool std::operator==(const std::reverse_iterator<_Iterator>&, const std::reverse_iterator<_IteratorR>&)’
  363 |     operator==(const reverse_iterator<_IteratorL>& __x,
      |     ^~~~~~~~
/usr/include/c++/9/bits/stl_iterator.h:363:5: note:   template argument deduction/substitution failed:
In file included from /workspaces/Sere/main.cpp:35:
/workspaces/Sere/./Sere/Std/Registry.hpp:33:28: note:   ‘const string’ {aka ‘const std::__cxx11::basic_string<char>’} is not derived from ‘const std::reverse_iterator<_Iterator>’
   33 |         if (lib == reg.end()) {
      |                            ^
In file included from /usr/include/c++/9/bits/stl_algobase.h:67,
                 from /usr/include/c++/9/bits/char_traits.h:39,
                 from /usr/include/c++/9/ios:40,
                 from /usr/include/c++/9/ostream:38,
                 from /usr/include/c++/9/iostream:39,
                 from /workspaces/Sere/main.cpp:1:
/usr/include/c++/9/bits/stl_iterator.h:1136:5: note: candidate: ‘template<class _IteratorL, class _IteratorR> constexpr bool std::operator==(const std::move_iterator<_IteratorL>&, const std::move_iterator<_IteratorR>&)’
 1136 |     operator==(const move_iterator<_IteratorL>& __x,
      |     ^~~~~~~~
/usr/include/c++/9/bits/stl_iterator.h:1136:5: note:   template argument deduction/substitution failed:
In file included from /workspaces/Sere/main.cpp:35:
/workspaces/Sere/./Sere/Std/Registry.hpp:33:28: note:   ‘const string’ {aka ‘const std::__cxx11::basic_string<char>’} is not derived from ‘const std::move_iterator<_IteratorL>’
   33 |         if (lib == reg.end()) {
      |                            ^
In file included from /usr/include/c++/9/bits/stl_algobase.h:67,
                 from /usr/include/c++/9/bits/char_traits.h:39,
                 from /usr/include/c++/9/ios:40,
                 from /usr/include/c++/9/ostream:38,
                 from /usr/include/c++/9/iostream:39,
                 from /workspaces/Sere/main.cpp:1:
/usr/include/c++/9/bits/stl_iterator.h:1142:5: note: candidate: ‘template<class _Iterator> constexpr bool std::operator==(const std::move_iterator<_IteratorL>&, const std::move_iterator<_IteratorL>&)’
 1142 |     operator==(const move_iterator<_Iterator>& __x,
      |     ^~~~~~~~
/usr/include/c++/9/bits/stl_iterator.h:1142:5: note:   template argument deduction/substitution failed:
In file included from /workspaces/Sere/main.cpp:35:
/workspaces/Sere/./Sere/Std/Registry.hpp:33:28: note:   ‘const string’ {aka ‘const std::__cxx11::basic_string<char>’} is not derived from ‘const std::move_iterator<_IteratorL>’
   33 |         if (lib == reg.end()) {
      |                            ^
In file included from /usr/include/c++/9/string:41,
                 from /usr/include/c++/9/bits/locale_classes.h:40,
                 from /usr/include/c++/9/bits/ios_base.h:41,
                 from /usr/include/c++/9/ios:42,
                 from /usr/include/c++/9/ostream:38,
                 from /usr/include/c++/9/iostream:39,
                 from /workspaces/Sere/main.cpp:1:
/usr/include/c++/9/bits/allocator.h:167:5: note: candidate: ‘template<class _T1, class _T2> bool std::operator==(const std::allocator<_CharT>&, const std::allocator<_T2>&)’
  167 |     operator==(const allocator<_T1>&, const allocator<_T2>&)
      |     ^~~~~~~~
/usr/include/c++/9/bits/allocator.h:167:5: note:   template argument deduction/substitution failed:
In file included from /workspaces/Sere/main.cpp:35:
/workspaces/Sere/./Sere/Std/Registry.hpp:33:28: note:   ‘const string’ {aka ‘const std::__cxx11::basic_string<char>’} is not derived from ‘const std::allocator<_CharT>’
   33 |         if (lib == reg.end()) {
      |                            ^
In file included from /usr/include/c++/9/bits/basic_string.h:48,
                 from /usr/include/c++/9/string:55,
                 from /usr/include/c++/9/bits/locale_classes.h:40,
                 from /usr/include/c++/9/bits/ios_base.h:41,
                 from /usr/include/c++/9/ios:42,
                 from /usr/include/c++/9/ostream:38,
                 from /usr/include/c++/9/iostream:39,
                 from /workspaces/Sere/main.cpp:1:
/usr/include/c++/9/string_view:471:5: note: candidate: ‘template<class _CharT, class _Traits> constexpr bool std::operator==(std::basic_string_view<_CharT, _Traits>, std::basic_string_view<_CharT, _Traits>)’
  471 |     operator==(basic_string_view<_CharT, _Traits> __x,
      |     ^~~~~~~~
/usr/include/c++/9/string_view:471:5: note:   template argument deduction/substitution failed:
In file included from /workspaces/Sere/main.cpp:35:
/workspaces/Sere/./Sere/Std/Registry.hpp:33:28: note:   ‘std::__cxx11::basic_string<char>’ is not derived from ‘std::basic_string_view<_CharT, _Traits>’
   33 |         if (lib == reg.end()) {
      |                            ^
In file included from /usr/include/c++/9/bits/basic_string.h:48,
                 from /usr/include/c++/9/string:55,
                 from /usr/include/c++/9/bits/locale_classes.h:40,
                 from /usr/include/c++/9/bits/ios_base.h:41,
                 from /usr/include/c++/9/ios:42,
                 from /usr/include/c++/9/ostream:38,
                 from /usr/include/c++/9/iostream:39,
                 from /workspaces/Sere/main.cpp:1:
/usr/include/c++/9/string_view:477:5: note: candidate: ‘template<class _CharT, class _Traits> constexpr bool std::operator==(std::basic_string_view<_CharT, _Traits>, std::__detail::__idt<std::basic_string_view<_CharT, _Traits> >)’
  477 |     operator==(basic_string_view<_CharT, _Traits> __x,
      |     ^~~~~~~~
/usr/include/c++/9/string_view:477:5: note:   template argument deduction/substitution failed:
In file included from /workspaces/Sere/main.cpp:35:
/workspaces/Sere/./Sere/Std/Registry.hpp:33:28: note:   ‘std::__cxx11::basic_string<char>’ is not derived from ‘std::basic_string_view<_CharT, _Traits>’
   33 |         if (lib == reg.end()) {
      |                            ^
In file included from /usr/include/c++/9/bits/basic_string.h:48,
                 from /usr/include/c++/9/string:55,
                 from /usr/include/c++/9/bits/locale_classes.h:40,
                 from /usr/include/c++/9/bits/ios_base.h:41,
                 from /usr/include/c++/9/ios:42,
                 from /usr/include/c++/9/ostream:38,
                 from /usr/include/c++/9/iostream:39,
                 from /workspaces/Sere/main.cpp:1:
/usr/include/c++/9/string_view:483:5: note: candidate: ‘template<class _CharT, class _Traits> constexpr bool std::operator==(std::__detail::__idt<std::basic_string_view<_CharT, _Traits> >, std::basic_string_view<_CharT, _Traits>)’
  483 |     operator==(__detail::__idt<basic_string_view<_CharT, _Traits>> __x,
      |     ^~~~~~~~
/usr/include/c++/9/string_view:483:5: note:   template argument deduction/substitution failed:
In file included from /workspaces/Sere/main.cpp:35:
/workspaces/Sere/./Sere/Std/Registry.hpp:33:28: note:   ‘std::__detail::_Node_iterator<std::pair<const std::__cxx11::basic_string<char>, std::function<void(llvm::Module&, llvm::LLVMContext&)> >, false, true>’ is not derived from ‘std::basic_string_view<_CharT, _Traits>’
   33 |         if (lib == reg.end()) {
      |                            ^
In file included from /usr/include/c++/9/string:55,
                 from /usr/include/c++/9/bits/locale_classes.h:40,
                 from /usr/include/c++/9/bits/ios_base.h:41,
                 from /usr/include/c++/9/ios:42,
                 from /usr/include/c++/9/ostream:38,
                 from /usr/include/c++/9/iostream:39,
                 from /workspaces/Sere/main.cpp:1:
/usr/include/c++/9/bits/basic_string.h:6144:5: note: candidate: ‘template<class _CharT, class _Traits, class _Alloc> bool std::operator==(const std::__cxx11::basic_string<_CharT, _Traits, _Allocator>&, const std::__cxx11::basic_string<_CharT, _Traits, _Allocator>&)’
 6144 |     operator==(const basic_string<_CharT, _Traits, _Alloc>& __lhs,
      |     ^~~~~~~~
/usr/include/c++/9/bits/basic_string.h:6144:5: note:   template argument deduction/substitution failed:
In file included from /workspaces/Sere/main.cpp:35:
/workspaces/Sere/./Sere/Std/Registry.hpp:33:28: note:   ‘std::unordered_map<std::__cxx11::basic_string<char>, std::function<void(llvm::Module&, llvm::LLVMContext&)> >::iterator’ {aka ‘std::__detail::_Node_iterator<std::pair<const std::__cxx11::basic_string<char>, std::function<void(llvm::Module&, llvm::LLVMContext&)> >, false, true>’} is not derived from ‘const std::__cxx11::basic_string<_CharT, _Traits, _Allocator>’
   33 |         if (lib == reg.end()) {
      |                            ^
In file included from /usr/include/c++/9/string:55,
                 from /usr/include/c++/9/bits/locale_classes.h:40,
                 from /usr/include/c++/9/bits/ios_base.h:41,
                 from /usr/include/c++/9/ios:42,
                 from /usr/include/c++/9/ostream:38,
                 from /usr/include/c++/9/iostream:39,
                 from /workspaces/Sere/main.cpp:1:
/usr/include/c++/9/bits/basic_string.h:6152:5: note: candidate: ‘template<class _CharT> typename __gnu_cxx::__enable_if<std::__is_char<_Tp>::__value, bool>::__type std::operator==(const std::__cxx11::basic_string<_CharT>&, const std::__cxx11::basic_string<_CharT>&)’
 6152 |     operator==(const basic_string<_CharT>& __lhs,
      |     ^~~~~~~~
/usr/include/c++/9/bits/basic_string.h:6152:5: note:   template argument deduction/substitution failed:
In file included from /workspaces/Sere/main.cpp:35:
/workspaces/Sere/./Sere/Std/Registry.hpp:33:28: note:   ‘std::unordered_map<std::__cxx11::basic_string<char>, std::function<void(llvm::Module&, llvm::LLVMContext&)> >::iterator’ {aka ‘std::__detail::_Node_iterator<std::pair<const std::__cxx11::basic_string<char>, std::function<void(llvm::Module&, llvm::LLVMContext&)> >, false, true>’} is not derived from ‘const std::__cxx11::basic_string<_CharT>’
   33 |         if (lib == reg.end()) {
      |                            ^
In file included from /usr/include/c++/9/string:55,
                 from /usr/include/c++/9/bits/locale_classes.h:40,
                 from /usr/include/c++/9/bits/ios_base.h:41,
                 from /usr/include/c++/9/ios:42,
                 from /usr/include/c++/9/ostream:38,
                 from /usr/include/c++/9/iostream:39,
                 from /workspaces/Sere/main.cpp:1:
/usr/include/c++/9/bits/basic_string.h:6166:5: note: candidate: ‘template<class _CharT, class _Traits, class _Alloc> bool std::operator==(const _CharT*, const std::__cxx11::basic_string<_CharT, _Traits, _Allocator>&)’
 6166 |     operator==(const _CharT* __lhs,
      |     ^~~~~~~~
/usr/include/c++/9/bits/basic_string.h:6166:5: note:   template argument deduction/substitution failed:
In file included from /workspaces/Sere/main.cpp:35:
/workspaces/Sere/./Sere/Std/Registry.hpp:33:28: note:   mismatched types ‘const _CharT*’ and ‘std::__cxx11::basic_string<char>’
   33 |         if (lib == reg.end()) {
      |                            ^
In file included from /usr/include/c++/9/string:55,
                 from /usr/include/c++/9/bits/locale_classes.h:40,
                 from /usr/include/c++/9/bits/ios_base.h:41,
                 from /usr/include/c++/9/ios:42,
                 from /usr/include/c++/9/ostream:38,
                 from /usr/include/c++/9/iostream:39,
                 from /workspaces/Sere/main.cpp:1:
/usr/include/c++/9/bits/basic_string.h:6178:5: note: candidate: ‘template<class _CharT, class _Traits, class _Alloc> bool std::operator==(const std::__cxx11::basic_string<_CharT, _Traits, _Allocator>&, const _CharT*)’
 6178 |     operator==(const basic_string<_CharT, _Traits, _Alloc>& __lhs,
      |     ^~~~~~~~
/usr/include/c++/9/bits/basic_string.h:6178:5: note:   template argument deduction/substitution failed:
In file included from /workspaces/Sere/main.cpp:35:
/workspaces/Sere/./Sere/Std/Registry.hpp:33:28: note:   mismatched types ‘const _CharT*’ and ‘std::__detail::_Node_iterator<std::pair<const std::__cxx11::basic_string<char>, std::function<void(llvm::Module&, llvm::LLVMContext&)> >, false, true>’
   33 |         if (lib == reg.end()) {
      |                            ^
In file included from /usr/include/c++/9/bits/ios_base.h:46,
                 from /usr/include/c++/9/ios:42,
                 from /usr/include/c++/9/ostream:38,
                 from /usr/include/c++/9/iostream:39,
                 from /workspaces/Sere/main.cpp:1:
/usr/include/c++/9/system_error:292:3: note: candidate: ‘bool std::operator==(const std::error_code&, const std::error_code&)’
  292 |   operator==(const error_code& __lhs, const error_code& __rhs) noexcept
      |   ^~~~~~~~
/usr/include/c++/9/system_error:292:32: note:   no known conversion for argument 1 from ‘const string’ {aka ‘const std::__cxx11::basic_string<char>’} to ‘const std::error_code&’
  292 |   operator==(const error_code& __lhs, const error_code& __rhs) noexcept
      |              ~~~~~~~~~~~~~~~~~~^~~~~
/usr/include/c++/9/system_error:297:3: note: candidate: ‘bool std::operator==(const std::error_code&, const std::error_condition&)’
  297 |   operator==(const error_code& __lhs, const error_condition& __rhs) noexcept
      |   ^~~~~~~~
/usr/include/c++/9/system_error:297:32: note:   no known conversion for argument 1 from ‘const string’ {aka ‘const std::__cxx11::basic_string<char>’} to ‘const std::error_code&’
  297 |   operator==(const error_code& __lhs, const error_condition& __rhs) noexcept
      |              ~~~~~~~~~~~~~~~~~~^~~~~
/usr/include/c++/9/system_error:304:3: note: candidate: ‘bool std::operator==(const std::error_condition&, const std::error_code&)’
  304 |   operator==(const error_condition& __lhs, const error_code& __rhs) noexcept
      |   ^~~~~~~~
/usr/include/c++/9/system_error:304:37: note:   no known conversion for argument 1 from ‘const string’ {aka ‘const std::__cxx11::basic_string<char>’} to ‘const std::error_condition&’
  304 |   operator==(const error_condition& __lhs, const error_code& __rhs) noexcept
      |              ~~~~~~~~~~~~~~~~~~~~~~~^~~~~
/usr/include/c++/9/system_error:311:3: note: candidate: ‘bool std::operator==(const std::error_condition&, const std::error_condition&)’
  311 |   operator==(const error_condition& __lhs,
      |   ^~~~~~~~
/usr/include/c++/9/system_error:311:37: note:   no known conversion for argument 1 from ‘const string’ {aka ‘const std::__cxx11::basic_string<char>’} to ‘const std::error_condition&’
  311 |   operator==(const error_condition& __lhs,
      |              ~~~~~~~~~~~~~~~~~~~~~~~^~~~~
In file included from /usr/include/c++/9/bits/locale_facets.h:48,
                 from /usr/include/c++/9/bits/basic_ios.h:37,
                 from /usr/include/c++/9/ios:44,
                 from /usr/include/c++/9/ostream:38,
                 from /usr/include/c++/9/iostream:39,
                 from /workspaces/Sere/main.cpp:1:
/usr/include/c++/9/bits/streambuf_iterator.h:208:5: note: candidate: ‘template<class _CharT, class _Traits> bool std::operator==(const std::istreambuf_iterator<_CharT, _Traits>&, const std::istreambuf_iterator<_CharT, _Traits>&)’
  208 |     operator==(const istreambuf_iterator<_CharT, _Traits>& __a,
      |     ^~~~~~~~
/usr/include/c++/9/bits/streambuf_iterator.h:208:5: note:   template argument deduction/substitution failed:
In file included from /workspaces/Sere/main.cpp:35:
/workspaces/Sere/./Sere/Std/Registry.hpp:33:28: note:   ‘const string’ {aka ‘const std::__cxx11::basic_string<char>’} is not derived from ‘const std::istreambuf_iterator<_CharT, _Traits>’
   33 |         if (lib == reg.end()) {
      |                            ^
In file included from /usr/include/c++/9/vector:67,
                 from /workspaces/Sere/main.cpp:4:
/usr/include/c++/9/bits/stl_vector.h:1888:5: note: candidate: ‘template<class _Tp, class _Alloc> bool std::operator==(const std::vector<_Tp, _Alloc>&, const std::vector<_Tp, _Alloc>&)’
 1888 |     operator==(const vector<_Tp, _Alloc>& __x, const vector<_Tp, _Alloc>& __y)
      |     ^~~~~~~~
/usr/include/c++/9/bits/stl_vector.h:1888:5: note:   template argument deduction/substitution failed:
In file included from /workspaces/Sere/main.cpp:35:
/workspaces/Sere/./Sere/Std/Registry.hpp:33:28: note:   ‘const string’ {aka ‘const std::__cxx11::basic_string<char>’} is not derived from ‘const std::vector<_Tp, _Alloc>’
   33 |         if (lib == reg.end()) {
      |                            ^
In file included from /usr/include/c++/9/bits/node_handle.h:39,
                 from /usr/include/c++/9/bits/stl_tree.h:72,
                 from /usr/include/c++/9/map:60,
                 from /workspaces/Sere/./Sere/Scanner/TokenType.hpp:4,
                 from /workspaces/Sere/./Sere/Scanner/Token.hpp:4,
                 from /workspaces/Sere/main.cpp:11:
/usr/include/c++/9/optional:983:5: note: candidate: ‘template<class _Tp, class _Up> constexpr std::__optional_relop_t<decltype ((declval<_Tp>() == declval<_Up>()))> std::operator==(const std::optional<_Tp>&, const std::optional<_Up>&)’
  983 |     operator==(const optional<_Tp>& __lhs, const optional<_Up>& __rhs)
      |     ^~~~~~~~
/usr/include/c++/9/optional:983:5: note:   template argument deduction/substitution failed:
In file included from /workspaces/Sere/main.cpp:35:
/workspaces/Sere/./Sere/Std/Registry.hpp:33:28: note:   ‘const string’ {aka ‘const std::__cxx11::basic_string<char>’} is not derived from ‘const std::optional<_Tp>’
   33 |         if (lib == reg.end()) {
      |                            ^
In file included from /usr/include/c++/9/bits/node_handle.h:39,
                 from /usr/include/c++/9/bits/stl_tree.h:72,
                 from /usr/include/c++/9/map:60,
                 from /workspaces/Sere/./Sere/Scanner/TokenType.hpp:4,
                 from /workspaces/Sere/./Sere/Scanner/Token.hpp:4,
                 from /workspaces/Sere/main.cpp:11:
/usr/include/c++/9/optional:1034:5: note: candidate: ‘template<class _Tp> constexpr bool std::operator==(const std::optional<_Tp>&, std::nullopt_t)’
 1034 |     operator==(const optional<_Tp>& __lhs, nullopt_t) noexcept
      |     ^~~~~~~~
/usr/include/c++/9/optional:1034:5: note:   template argument deduction/substitution failed:
In file included from /workspaces/Sere/main.cpp:35:
/workspaces/Sere/./Sere/Std/Registry.hpp:33:28: note:   ‘const string’ {aka ‘const std::__cxx11::basic_string<char>’} is not derived from ‘const std::optional<_Tp>’
   33 |         if (lib == reg.end()) {
      |                            ^
In file included from /usr/include/c++/9/bits/node_handle.h:39,
                 from /usr/include/c++/9/bits/stl_tree.h:72,
                 from /usr/include/c++/9/map:60,
                 from /workspaces/Sere/./Sere/Scanner/TokenType.hpp:4,
                 from /workspaces/Sere/./Sere/Scanner/Token.hpp:4,
                 from /workspaces/Sere/main.cpp:11:
/usr/include/c++/9/optional:1039:5: note: candidate: ‘template<class _Tp> constexpr bool std::operator==(std::nullopt_t, const std::optional<_Tp>&)’
 1039 |     operator==(nullopt_t, const optional<_Tp>& __rhs) noexcept
      |     ^~~~~~~~
/usr/include/c++/9/optional:1039:5: note:   template argument deduction/substitution failed:
In file included from /workspaces/Sere/main.cpp:35:
/workspaces/Sere/./Sere/Std/Registry.hpp:33:28: note:   ‘std::unordered_map<std::__cxx11::basic_string<char>, std::function<void(llvm::Module&, llvm::LLVMContext&)> >::iterator’ {aka ‘std::__detail::_Node_iterator<std::pair<const std::__cxx11::basic_string<char>, std::function<void(llvm::Module&, llvm::LLVMContext&)> >, false, true>’} is not derived from ‘const std::optional<_Tp>’
   33 |         if (lib == reg.end()) {
      |                            ^
In file included from /usr/include/c++/9/bits/node_handle.h:39,
                 from /usr/include/c++/9/bits/stl_tree.h:72,
                 from /usr/include/c++/9/map:60,
                 from /workspaces/Sere/./Sere/Scanner/TokenType.hpp:4,
                 from /workspaces/Sere/./Sere/Scanner/Token.hpp:4,
                 from /workspaces/Sere/main.cpp:11:
/usr/include/c++/9/optional:1095:5: note: candidate: ‘template<class _Tp, class _Up> constexpr std::__optional_relop_t<decltype ((declval<_Tp>() == declval<_Up>()))> std::operator==(const std::optional<_Tp>&, const _Up&)’
 1095 |     operator==(const optional<_Tp>& __lhs, const _Up& __rhs)
      |     ^~~~~~~~
/usr/include/c++/9/optional:1095:5: note:   template argument deduction/substitution failed:
In file included from /workspaces/Sere/main.cpp:35:
/workspaces/Sere/./Sere/Std/Registry.hpp:33:28: note:   ‘const string’ {aka ‘const std::__cxx11::basic_string<char>’} is not derived from ‘const std::optional<_Tp>’
   33 |         if (lib == reg.end()) {
      |                            ^
In file included from /usr/include/c++/9/bits/node_handle.h:39,
                 from /usr/include/c++/9/bits/stl_tree.h:72,
                 from /usr/include/c++/9/map:60,
                 from /workspaces/Sere/./Sere/Scanner/TokenType.hpp:4,
                 from /workspaces/Sere/./Sere/Scanner/Token.hpp:4,
                 from /workspaces/Sere/main.cpp:11:
/usr/include/c++/9/optional:1101:5: note: candidate: ‘template<class _Tp, class _Up> constexpr std::__optional_relop_t<decltype ((declval<_Up>() == declval<_Tp>()))> std::operator==(const _Up&, const std::optional<_Tp>&)’
 1101 |     operator==(const _Up& __lhs, const optional<_Tp>& __rhs)
      |     ^~~~~~~~
/usr/include/c++/9/optional:1101:5: note:   template argument deduction/substitution failed:
In file included from /workspaces/Sere/main.cpp:35:
/workspaces/Sere/./Sere/Std/Registry.hpp:33:28: note:   ‘std::unordered_map<std::__cxx11::basic_string<char>, std::function<void(llvm::Module&, llvm::LLVMContext&)> >::iterator’ {aka ‘std::__detail::_Node_iterator<std::pair<const std::__cxx11::basic_string<char>, std::function<void(llvm::Module&, llvm::LLVMContext&)> >, false, true>’} is not derived from ‘const std::optional<_Tp>’
   33 |         if (lib == reg.end()) {
      |                            ^
In file included from /usr/include/c++/9/tuple:39,
                 from /usr/include/c++/9/bits/stl_map.h:63,
                 from /usr/include/c++/9/map:61,
                 from /workspaces/Sere/./Sere/Scanner/TokenType.hpp:4,
                 from /workspaces/Sere/./Sere/Scanner/Token.hpp:4,
                 from /workspaces/Sere/main.cpp:11:
/usr/include/c++/9/array:252:5: note: candidate: ‘template<class _Tp, long unsigned int _Nm> bool std::operator==(const std::array<_Tp, _Nm>&, const std::array<_Tp, _Nm>&)’
  252 |     operator==(const array<_Tp, _Nm>& __one, const array<_Tp, _Nm>& __two)
      |     ^~~~~~~~
/usr/include/c++/9/array:252:5: note:   template argument deduction/substitution failed:
In file included from /workspaces/Sere/main.cpp:35:
/workspaces/Sere/./Sere/Std/Registry.hpp:33:28: note:   ‘const string’ {aka ‘const std::__cxx11::basic_string<char>’} is not derived from ‘const std::array<_Tp, _Nm>’
   33 |         if (lib == reg.end()) {
      |                            ^
In file included from /usr/include/c++/9/bits/stl_map.h:63,
                 from /usr/include/c++/9/map:61,
                 from /workspaces/Sere/./Sere/Scanner/TokenType.hpp:4,
                 from /workspaces/Sere/./Sere/Scanner/Token.hpp:4,
                 from /workspaces/Sere/main.cpp:11:
/usr/include/c++/9/tuple:1419:5: note: candidate: ‘template<class ... _TElements, class ... _UElements> constexpr bool std::operator==(const std::tuple<_Tps ...>&, const std::tuple<_Args2 ...>&)’
 1419 |     operator==(const tuple<_TElements...>& __t,
      |     ^~~~~~~~
/usr/include/c++/9/tuple:1419:5: note:   template argument deduction/substitution failed:
In file included from /workspaces/Sere/main.cpp:35:
/workspaces/Sere/./Sere/Std/Registry.hpp:33:28: note:   ‘const string’ {aka ‘const std::__cxx11::basic_string<char>’} is not derived from ‘const std::tuple<_Tps ...>’
   33 |         if (lib == reg.end()) {
      |                            ^
In file included from /usr/include/c++/9/map:61,
                 from /workspaces/Sere/./Sere/Scanner/TokenType.hpp:4,
                 from /workspaces/Sere/./Sere/Scanner/Token.hpp:4,
                 from /workspaces/Sere/main.cpp:11:
/usr/include/c++/9/bits/stl_map.h:1455:5: note: candidate: ‘template<class _Key, class _Tp, class _Compare, class _Alloc> bool std::operator==(const std::map<_Key, _Tp, _Compare, _Allocator>&, const std::map<_Key, _Tp, _Compare, _Allocator>&)’
 1455 |     operator==(const map<_Key, _Tp, _Compare, _Alloc>& __x,
      |     ^~~~~~~~
/usr/include/c++/9/bits/stl_map.h:1455:5: note:   template argument deduction/substitution failed:
In file included from /workspaces/Sere/main.cpp:35:
/workspaces/Sere/./Sere/Std/Registry.hpp:33:28: note:   ‘const string’ {aka ‘const std::__cxx11::basic_string<char>’} is not derived from ‘const std::map<_Key, _Tp, _Compare, _Allocator>’
   33 |         if (lib == reg.end()) {
      |                            ^
In file included from /usr/include/c++/9/map:62,
                 from /workspaces/Sere/./Sere/Scanner/TokenType.hpp:4,
                 from /workspaces/Sere/./Sere/Scanner/Token.hpp:4,
                 from /workspaces/Sere/main.cpp:11:
/usr/include/c++/9/bits/stl_multimap.h:1119:5: note: candidate: ‘template<class _Key, class _Tp, class _Compare, class _Alloc> bool std::operator==(const std::multimap<_Key, _Tp, _Compare, _Allocator>&, const std::multimap<_Key, _Tp, _Compare, _Allocator>&)’
 1119 |     operator==(const multimap<_Key, _Tp, _Compare, _Alloc>& __x,
      |     ^~~~~~~~
/usr/include/c++/9/bits/stl_multimap.h:1119:5: note:   template argument deduction/substitution failed:
In file included from /workspaces/Sere/main.cpp:35:
/workspaces/Sere/./Sere/Std/Registry.hpp:33:28: note:   ‘const string’ {aka ‘const std::__cxx11::basic_string<char>’} is not derived from ‘const std::multimap<_Key, _Tp, _Compare, _Allocator>’
   33 |         if (lib == reg.end()) {
      |                            ^
In file included from /workspaces/Sere/./Sere/Scanner/Token.hpp:7,
                 from /workspaces/Sere/main.cpp:11:
/usr/include/c++/9/variant:1186:3: note: candidate: ‘template<class ... _Types> constexpr bool std::operator==(const std::variant<_Types ...>&, const std::variant<_Types ...>&)’
 1186 |   _VARIANT_RELATION_FUNCTION_TEMPLATE(==, equal)
      |   ^~~~~~~~~~~~~~~~~~~~~~~~~~~~~~~~~~~
/usr/include/c++/9/variant:1186:3: note:   template argument deduction/substitution failed:
In file included from /workspaces/Sere/main.cpp:35:
/workspaces/Sere/./Sere/Std/Registry.hpp:33:28: note:   ‘const string’ {aka ‘const std::__cxx11::basic_string<char>’} is not derived from ‘const std::variant<_Types ...>’
   33 |         if (lib == reg.end()) {
      |                            ^
In file included from /workspaces/Sere/./Sere/Scanner/Token.hpp:7,
                 from /workspaces/Sere/main.cpp:11:
/usr/include/c++/9/variant:1186:3: note: candidate: ‘constexpr bool std::operator==(std::monostate, std::monostate)’
 1186 |   _VARIANT_RELATION_FUNCTION_TEMPLATE(==, equal)
      |   ^~~~~~~~~~~~~~~~~~~~~~~~~~~~~~~~~~~
/usr/include/c++/9/variant:1186:3: note:   no known conversion for argument 1 from ‘const string’ {aka ‘const std::__cxx11::basic_string<char>’} to ‘std::monostate’
 1186 |   _VARIANT_RELATION_FUNCTION_TEMPLATE(==, equal)
      |   ^~~~~~~~~~~~~~~~~~~~~~~~~~~~~~~~~~~
In file included from /usr/include/c++/9/memory:80,
                 from /workspaces/Sere/./Sere/Scanner/Token.hpp:8,
                 from /workspaces/Sere/main.cpp:11:
/usr/include/c++/9/bits/unique_ptr.h:715:5: note: candidate: ‘template<class _Tp, class _Dp, class _Up, class _Ep> bool std::operator==(const std::unique_ptr<_Tp, _Dp>&, const std::unique_ptr<_Up, _Ep>&)’
  715 |     operator==(const unique_ptr<_Tp, _Dp>& __x,
      |     ^~~~~~~~
/usr/include/c++/9/bits/unique_ptr.h:715:5: note:   template argument deduction/substitution failed:
In file included from /workspaces/Sere/main.cpp:35:
/workspaces/Sere/./Sere/Std/Registry.hpp:33:28: note:   ‘const string’ {aka ‘const std::__cxx11::basic_string<char>’} is not derived from ‘const std::unique_ptr<_Tp, _Dp>’
   33 |         if (lib == reg.end()) {
      |                            ^
In file included from /usr/include/c++/9/memory:80,
                 from /workspaces/Sere/./Sere/Scanner/Token.hpp:8,
                 from /workspaces/Sere/main.cpp:11:
/usr/include/c++/9/bits/unique_ptr.h:721:5: note: candidate: ‘template<class _Tp, class _Dp> bool std::operator==(const std::unique_ptr<_Tp, _Dp>&, std::nullptr_t)’
  721 |     operator==(const unique_ptr<_Tp, _Dp>& __x, nullptr_t) noexcept
      |     ^~~~~~~~
/usr/include/c++/9/bits/unique_ptr.h:721:5: note:   template argument deduction/substitution failed:
In file included from /workspaces/Sere/main.cpp:35:
/workspaces/Sere/./Sere/Std/Registry.hpp:33:28: note:   ‘const string’ {aka ‘const std::__cxx11::basic_string<char>’} is not derived from ‘const std::unique_ptr<_Tp, _Dp>’
   33 |         if (lib == reg.end()) {
      |                            ^
In file included from /usr/include/c++/9/memory:80,
                 from /workspaces/Sere/./Sere/Scanner/Token.hpp:8,
                 from /workspaces/Sere/main.cpp:11:
/usr/include/c++/9/bits/unique_ptr.h:726:5: note: candidate: ‘template<class _Tp, class _Dp> bool std::operator==(std::nullptr_t, const std::unique_ptr<_Tp, _Dp>&)’
  726 |     operator==(nullptr_t, const unique_ptr<_Tp, _Dp>& __x) noexcept
      |     ^~~~~~~~
/usr/include/c++/9/bits/unique_ptr.h:726:5: note:   template argument deduction/substitution failed:
In file included from /workspaces/Sere/main.cpp:35:
/workspaces/Sere/./Sere/Std/Registry.hpp:33:28: note:   ‘std::unordered_map<std::__cxx11::basic_string<char>, std::function<void(llvm::Module&, llvm::LLVMContext&)> >::iterator’ {aka ‘std::__detail::_Node_iterator<std::pair<const std::__cxx11::basic_string<char>, std::function<void(llvm::Module&, llvm::LLVMContext&)> >, false, true>’} is not derived from ‘const std::unique_ptr<_Tp, _Dp>’
   33 |         if (lib == reg.end()) {
      |                            ^
In file included from /usr/include/c++/9/bits/shared_ptr.h:52,
                 from /usr/include/c++/9/memory:81,
                 from /workspaces/Sere/./Sere/Scanner/Token.hpp:8,
                 from /workspaces/Sere/main.cpp:11:
/usr/include/c++/9/bits/shared_ptr_base.h:1412:5: note: candidate: ‘template<class _Tp1, class _Tp2, __gnu_cxx::_Lock_policy _Lp> bool std::operator==(const std::__shared_ptr<_Tp1, _Lp>&, const std::__shared_ptr<_Tp2, _Lp>&)’
 1412 |     operator==(const __shared_ptr<_Tp1, _Lp>& __a,
      |     ^~~~~~~~
/usr/include/c++/9/bits/shared_ptr_base.h:1412:5: note:   template argument deduction/substitution failed:
In file included from /workspaces/Sere/main.cpp:35:
/workspaces/Sere/./Sere/Std/Registry.hpp:33:28: note:   ‘const string’ {aka ‘const std::__cxx11::basic_string<char>’} is not derived from ‘const std::__shared_ptr<_Tp1, _Lp>’
   33 |         if (lib == reg.end()) {
      |                            ^
In file included from /usr/include/c++/9/bits/shared_ptr.h:52,
                 from /usr/include/c++/9/memory:81,
                 from /workspaces/Sere/./Sere/Scanner/Token.hpp:8,
                 from /workspaces/Sere/main.cpp:11:
/usr/include/c++/9/bits/shared_ptr_base.h:1418:5: note: candidate: ‘template<class _Tp, __gnu_cxx::_Lock_policy _Lp> bool std::operator==(const std::__shared_ptr<_Tp, _Lp>&, std::nullptr_t)’
 1418 |     operator==(const __shared_ptr<_Tp, _Lp>& __a, nullptr_t) noexcept
      |     ^~~~~~~~
/usr/include/c++/9/bits/shared_ptr_base.h:1418:5: note:   template argument deduction/substitution failed:
In file included from /workspaces/Sere/main.cpp:35:
/workspaces/Sere/./Sere/Std/Registry.hpp:33:28: note:   ‘const string’ {aka ‘const std::__cxx11::basic_string<char>’} is not derived from ‘const std::__shared_ptr<_Tp, _Lp>’
   33 |         if (lib == reg.end()) {
      |                            ^
In file included from /usr/include/c++/9/bits/shared_ptr.h:52,
                 from /usr/include/c++/9/memory:81,
                 from /workspaces/Sere/./Sere/Scanner/Token.hpp:8,
                 from /workspaces/Sere/main.cpp:11:
/usr/include/c++/9/bits/shared_ptr_base.h:1423:5: note: candidate: ‘template<class _Tp, __gnu_cxx::_Lock_policy _Lp> bool std::operator==(std::nullptr_t, const std::__shared_ptr<_Tp, _Lp>&)’
 1423 |     operator==(nullptr_t, const __shared_ptr<_Tp, _Lp>& __a) noexcept
      |     ^~~~~~~~
/usr/include/c++/9/bits/shared_ptr_base.h:1423:5: note:   template argument deduction/substitution failed:
In file included from /workspaces/Sere/main.cpp:35:
/workspaces/Sere/./Sere/Std/Registry.hpp:33:28: note:   ‘std::unordered_map<std::__cxx11::basic_string<char>, std::function<void(llvm::Module&, llvm::LLVMContext&)> >::iterator’ {aka ‘std::__detail::_Node_iterator<std::pair<const std::__cxx11::basic_string<char>, std::function<void(llvm::Module&, llvm::LLVMContext&)> >, false, true>’} is not derived from ‘const std::__shared_ptr<_Tp, _Lp>’
   33 |         if (lib == reg.end()) {
      |                            ^
In file included from /usr/include/c++/9/memory:81,
                 from /workspaces/Sere/./Sere/Scanner/Token.hpp:8,
                 from /workspaces/Sere/main.cpp:11:
/usr/include/c++/9/bits/shared_ptr.h:383:5: note: candidate: ‘template<class _Tp, class _Up> bool std::operator==(const std::shared_ptr<_Tp>&, const std::shared_ptr<_Tp>&)’
  383 |     operator==(const shared_ptr<_Tp>& __a, const shared_ptr<_Up>& __b) noexcept
      |     ^~~~~~~~
/usr/include/c++/9/bits/shared_ptr.h:383:5: note:   template argument deduction/substitution failed:
In file included from /workspaces/Sere/main.cpp:35:
/workspaces/Sere/./Sere/Std/Registry.hpp:33:28: note:   ‘const string’ {aka ‘const std::__cxx11::basic_string<char>’} is not derived from ‘const std::shared_ptr<_Tp>’
   33 |         if (lib == reg.end()) {
      |                            ^
In file included from /usr/include/c++/9/memory:81,
                 from /workspaces/Sere/./Sere/Scanner/Token.hpp:8,
                 from /workspaces/Sere/main.cpp:11:
/usr/include/c++/9/bits/shared_ptr.h:388:5: note: candidate: ‘template<class _Tp> bool std::operator==(const std::shared_ptr<_Tp>&, std::nullptr_t)’
  388 |     operator==(const shared_ptr<_Tp>& __a, nullptr_t) noexcept
      |     ^~~~~~~~
/usr/include/c++/9/bits/shared_ptr.h:388:5: note:   template argument deduction/substitution failed:
In file included from /workspaces/Sere/main.cpp:35:
/workspaces/Sere/./Sere/Std/Registry.hpp:33:28: note:   ‘const string’ {aka ‘const std::__cxx11::basic_string<char>’} is not derived from ‘const std::shared_ptr<_Tp>’
   33 |         if (lib == reg.end()) {
      |                            ^
In file included from /usr/include/c++/9/memory:81,
                 from /workspaces/Sere/./Sere/Scanner/Token.hpp:8,
                 from /workspaces/Sere/main.cpp:11:
/usr/include/c++/9/bits/shared_ptr.h:393:5: note: candidate: ‘template<class _Tp> bool std::operator==(std::nullptr_t, const std::shared_ptr<_Tp>&)’
  393 |     operator==(nullptr_t, const shared_ptr<_Tp>& __a) noexcept
      |     ^~~~~~~~
/usr/include/c++/9/bits/shared_ptr.h:393:5: note:   template argument deduction/substitution failed:
In file included from /workspaces/Sere/main.cpp:35:
/workspaces/Sere/./Sere/Std/Registry.hpp:33:28: note:   ‘std::unordered_map<std::__cxx11::basic_string<char>, std::function<void(llvm::Module&, llvm::LLVMContext&)> >::iterator’ {aka ‘std::__detail::_Node_iterator<std::pair<const std::__cxx11::basic_string<char>, std::function<void(llvm::Module&, llvm::LLVMContext&)> >, false, true>’} is not derived from ‘const std::shared_ptr<_Tp>’
   33 |         if (lib == reg.end()) {
      |                            ^
In file included from /usr/include/c++/9/functional:59,
                 from /usr/include/c++/9/pstl/glue_algorithm_defs.h:13,
                 from /usr/include/c++/9/algorithm:71,
                 from /workspaces/Sere/./Sere/Scanner/Scanner.hpp:12,
                 from /workspaces/Sere/main.cpp:12:
/usr/include/c++/9/bits/std_function.h:746:5: note: candidate: ‘template<class _Res, class ... _Args> bool std::operator==(const std::function<_Res(_ArgTypes ...)>&, std::nullptr_t)’
  746 |     operator==(const function<_Res(_Args...)>& __f, nullptr_t) noexcept
      |     ^~~~~~~~
/usr/include/c++/9/bits/std_function.h:746:5: note:   template argument deduction/substitution failed:
In file included from /workspaces/Sere/main.cpp:35:
/workspaces/Sere/./Sere/Std/Registry.hpp:33:28: note:   ‘const string’ {aka ‘const std::__cxx11::basic_string<char>’} is not derived from ‘const std::function<_Res(_ArgTypes ...)>’
   33 |         if (lib == reg.end()) {
      |                            ^
In file included from /usr/include/c++/9/functional:59,
                 from /usr/include/c++/9/pstl/glue_algorithm_defs.h:13,
                 from /usr/include/c++/9/algorithm:71,
                 from /workspaces/Sere/./Sere/Scanner/Scanner.hpp:12,
                 from /workspaces/Sere/main.cpp:12:
/usr/include/c++/9/bits/std_function.h:752:5: note: candidate: ‘template<class _Res, class ... _Args> bool std::operator==(std::nullptr_t, const std::function<_Res(_ArgTypes ...)>&)’
  752 |     operator==(nullptr_t, const function<_Res(_Args...)>& __f) noexcept
      |     ^~~~~~~~
/usr/include/c++/9/bits/std_function.h:752:5: note:   template argument deduction/substitution failed:
In file included from /workspaces/Sere/main.cpp:35:
/workspaces/Sere/./Sere/Std/Registry.hpp:33:28: note:   ‘std::unordered_map<std::__cxx11::basic_string<char>, std::function<void(llvm::Module&, llvm::LLVMContext&)> >::iterator’ {aka ‘std::__detail::_Node_iterator<std::pair<const std::__cxx11::basic_string<char>, std::function<void(llvm::Module&, llvm::LLVMContext&)> >, false, true>’} is not derived from ‘const std::function<_Res(_ArgTypes ...)>’
   33 |         if (lib == reg.end()) {
      |                            ^
In file included from /usr/include/c++/9/unordered_map:47,
                 from /usr/include/c++/9/functional:61,
                 from /usr/include/c++/9/pstl/glue_algorithm_defs.h:13,
                 from /usr/include/c++/9/algorithm:71,
                 from /workspaces/Sere/./Sere/Scanner/Scanner.hpp:12,
                 from /workspaces/Sere/main.cpp:12:
/usr/include/c++/9/bits/unordered_map.h:2093:5: note: candidate: ‘template<class _Key1, class _Tp1, class _Hash1, class _Pred1, class _Alloc1> bool std::operator==(const std::unordered_map<_Key1, _Tp1, _Hash1, _Pred1, _Alloc1>&, const std::unordered_map<_Key1, _Tp1, _Hash1, _Pred1, _Alloc1>&)’
 2093 |     operator==(const unordered_map<_Key, _Tp, _Hash, _Pred, _Alloc>& __x,
      |     ^~~~~~~~
/usr/include/c++/9/bits/unordered_map.h:2093:5: note:   template argument deduction/substitution failed:
In file included from /workspaces/Sere/main.cpp:35:
/workspaces/Sere/./Sere/Std/Registry.hpp:33:28: note:   ‘const string’ {aka ‘const std::__cxx11::basic_string<char>’} is not derived from ‘const std::unordered_map<_Key1, _Tp1, _Hash1, _Pred1, _Alloc1>’
   33 |         if (lib == reg.end()) {
      |                            ^
In file included from /usr/include/c++/9/unordered_map:47,
                 from /usr/include/c++/9/functional:61,
                 from /usr/include/c++/9/pstl/glue_algorithm_defs.h:13,
                 from /usr/include/c++/9/algorithm:71,
                 from /workspaces/Sere/./Sere/Scanner/Scanner.hpp:12,
                 from /workspaces/Sere/main.cpp:12:
/usr/include/c++/9/bits/unordered_map.h:2105:5: note: candidate: ‘template<class _Key1, class _Tp1, class _Hash1, class _Pred1, class _Alloc1> bool std::operator==(const std::unordered_multimap<_Key1, _Tp1, _Hash1, _Pred1, _Alloc1>&, const std::unordered_multimap<_Key1, _Tp1, _Hash1, _Pred1, _Alloc1>&)’
 2105 |     operator==(const unordered_multimap<_Key, _Tp, _Hash, _Pred, _Alloc>& __x,
      |     ^~~~~~~~
/usr/include/c++/9/bits/unordered_map.h:2105:5: note:   template argument deduction/substitution failed:
In file included from /workspaces/Sere/main.cpp:35:
/workspaces/Sere/./Sere/Std/Registry.hpp:33:28: note:   ‘const string’ {aka ‘const std::__cxx11::basic_string<char>’} is not derived from ‘const std::unordered_multimap<_Key1, _Tp1, _Hash1, _Pred1, _Alloc1>’
   33 |         if (lib == reg.end()) {
      |                            ^
In file included from /usr/include/c++/9/iterator:66,
                 from /usr/lib/llvm-10/include/llvm/ADT/iterator_range.h:21,
                 from /usr/lib/llvm-10/include/llvm/ADT/SmallVector.h:16,
                 from /usr/lib/llvm-10/include/llvm/ADT/ArrayRef.h:14,
                 from /usr/lib/llvm-10/include/llvm/ADT/DenseMapInfo.h:16,
                 from /usr/lib/llvm-10/include/llvm/ADT/DenseMap.h:16,
                 from /usr/lib/llvm-10/include/llvm/ADT/DenseSet.h:16,
                 from /usr/lib/llvm-10/include/llvm/IR/Function.h:20,
                 from /workspaces/Sere/./Sere/Parser/AST/./AST.hpp:14,
                 from /workspaces/Sere/./Sere/Parser/AST/Expr.hpp:7,
                 from /workspaces/Sere/./Sere/Parser/Parser.hpp:12,
                 from /workspaces/Sere/main.cpp:13:
/usr/include/c++/9/bits/stream_iterator.h:134:5: note: candidate: ‘template<class _Tp, class _CharT, class _Traits, class _Dist> bool std::operator==(const std::istream_iterator<_Tp, _CharT, _Traits, _Dist>&, const std::istream_iterator<_Tp, _CharT, _Traits, _Dist>&)’
  134 |     operator==(const istream_iterator<_Tp, _CharT, _Traits, _Dist>& __x,
      |     ^~~~~~~~
/usr/include/c++/9/bits/stream_iterator.h:134:5: note:   template argument deduction/substitution failed:
In file included from /workspaces/Sere/main.cpp:35:
/workspaces/Sere/./Sere/Std/Registry.hpp:33:28: note:   ‘const string’ {aka ‘const std::__cxx11::basic_string<char>’} is not derived from ‘const std::istream_iterator<_Tp, _CharT, _Traits, _Dist>’
   33 |         if (lib == reg.end()) {
      |                            ^
In file included from /usr/include/c++/9/deque:67,
                 from /usr/include/c++/9/stack:60,
                 from /workspaces/Sere/./Sere/Parser/AST/./../../IR/./CodeGenContext.hpp:12,
                 from /workspaces/Sere/./Sere/Parser/AST/./../../IR/IR.hpp:4,
                 from /workspaces/Sere/./Sere/Parser/AST/./Visitor.hpp:13,
                 from /workspaces/Sere/./Sere/Parser/AST/Expr.hpp:8,
                 from /workspaces/Sere/./Sere/Parser/Parser.hpp:12,
                 from /workspaces/Sere/main.cpp:13:
/usr/include/c++/9/bits/stl_deque.h:286:5: note: candidate: ‘template<class _Tp, class _Ref, class _Ptr> bool std::operator==(const std::_Deque_iterator<_Tp, _Ref, _Ptr>&, const std::_Deque_iterator<_Tp, _Ref, _Ptr>&)’
  286 |     operator==(const _Deque_iterator<_Tp, _Ref, _Ptr>& __x,
      |     ^~~~~~~~
/usr/include/c++/9/bits/stl_deque.h:286:5: note:   template argument deduction/substitution failed:
In file included from /workspaces/Sere/main.cpp:35:
/workspaces/Sere/./Sere/Std/Registry.hpp:33:28: note:   ‘const string’ {aka ‘const std::__cxx11::basic_string<char>’} is not derived from ‘const std::_Deque_iterator<_Tp, _Ref, _Ptr>’
   33 |         if (lib == reg.end()) {
      |                            ^
In file included from /usr/include/c++/9/deque:67,
                 from /usr/include/c++/9/stack:60,
                 from /workspaces/Sere/./Sere/Parser/AST/./../../IR/./CodeGenContext.hpp:12,
                 from /workspaces/Sere/./Sere/Parser/AST/./../../IR/IR.hpp:4,
                 from /workspaces/Sere/./Sere/Parser/AST/./Visitor.hpp:13,
                 from /workspaces/Sere/./Sere/Parser/AST/Expr.hpp:8,
                 from /workspaces/Sere/./Sere/Parser/Parser.hpp:12,
                 from /workspaces/Sere/main.cpp:13:
/usr/include/c++/9/bits/stl_deque.h:293:5: note: candidate: ‘template<class _Tp, class _RefL, class _PtrL, class _RefR, class _PtrR> bool std::operator==(const std::_Deque_iterator<_Tp, _Ref, _Ptr>&, const std::_Deque_iterator<_Tp, _RefR, _PtrR>&)’
  293 |     operator==(const _Deque_iterator<_Tp, _RefL, _PtrL>& __x,
      |     ^~~~~~~~
/usr/include/c++/9/bits/stl_deque.h:293:5: note:   template argument deduction/substitution failed:
In file included from /workspaces/Sere/main.cpp:35:
/workspaces/Sere/./Sere/Std/Registry.hpp:33:28: note:   ‘const string’ {aka ‘const std::__cxx11::basic_string<char>’} is not derived from ‘const std::_Deque_iterator<_Tp, _Ref, _Ptr>’
   33 |         if (lib == reg.end()) {
      |                            ^
In file included from /usr/include/c++/9/deque:67,
                 from /usr/include/c++/9/stack:60,
                 from /workspaces/Sere/./Sere/Parser/AST/./../../IR/./CodeGenContext.hpp:12,
                 from /workspaces/Sere/./Sere/Parser/AST/./../../IR/IR.hpp:4,
                 from /workspaces/Sere/./Sere/Parser/AST/./Visitor.hpp:13,
                 from /workspaces/Sere/./Sere/Parser/AST/Expr.hpp:8,
                 from /workspaces/Sere/./Sere/Parser/Parser.hpp:12,
                 from /workspaces/Sere/main.cpp:13:
/usr/include/c++/9/bits/stl_deque.h:2312:5: note: candidate: ‘template<class _Tp, class _Alloc> bool std::operator==(const std::deque<_Tp, _Alloc>&, const std::deque<_Tp, _Alloc>&)’
 2312 |     operator==(const deque<_Tp, _Alloc>& __x,
      |     ^~~~~~~~
/usr/include/c++/9/bits/stl_deque.h:2312:5: note:   template argument deduction/substitution failed:
In file included from /workspaces/Sere/main.cpp:35:
/workspaces/Sere/./Sere/Std/Registry.hpp:33:28: note:   ‘const string’ {aka ‘const std::__cxx11::basic_string<char>’} is not derived from ‘const std::deque<_Tp, _Alloc>’
   33 |         if (lib == reg.end()) {
      |                            ^
In file included from /usr/include/c++/9/stack:61,
                 from /workspaces/Sere/./Sere/Parser/AST/./../../IR/./CodeGenContext.hpp:12,
                 from /workspaces/Sere/./Sere/Parser/AST/./../../IR/IR.hpp:4,
                 from /workspaces/Sere/./Sere/Parser/AST/./Visitor.hpp:13,
                 from /workspaces/Sere/./Sere/Parser/AST/Expr.hpp:8,
                 from /workspaces/Sere/./Sere/Parser/Parser.hpp:12,
                 from /workspaces/Sere/main.cpp:13:
/usr/include/c++/9/bits/stl_stack.h:313:5: note: candidate: ‘template<class _Tp, class _Seq> bool std::operator==(const std::stack<_Tp, _Seq>&, const std::stack<_Tp, _Seq>&)’
  313 |     operator==(const stack<_Tp, _Seq>& __x, const stack<_Tp, _Seq>& __y)
      |     ^~~~~~~~
/usr/include/c++/9/bits/stl_stack.h:313:5: note:   template argument deduction/substitution failed:
In file included from /workspaces/Sere/main.cpp:35:
/workspaces/Sere/./Sere/Std/Registry.hpp:33:28: note:   ‘const string’ {aka ‘const std::__cxx11::basic_string<char>’} is not derived from ‘const std::stack<_Tp, _Seq>’
   33 |         if (lib == reg.end()) {
      |                            ^
In file included from /usr/include/c++/9/list:63,
                 from /usr/lib/llvm-10/include/llvm/IR/PassManager.h:56,
                 from /usr/lib/llvm-10/include/llvm/IR/Verifier.h:24,
                 from /workspaces/Sere/main.cpp:20:
/usr/include/c++/9/bits/stl_list.h:1991:5: note: candidate: ‘template<class _Tp, class _Alloc> bool std::operator==(const std::__cxx11::list<_Tp, _Alloc>&, const std::__cxx11::list<_Tp, _Alloc>&)’
 1991 |     operator==(const list<_Tp, _Alloc>& __x, const list<_Tp, _Alloc>& __y)
      |     ^~~~~~~~
/usr/include/c++/9/bits/stl_list.h:1991:5: note:   template argument deduction/substitution failed:
In file included from /workspaces/Sere/main.cpp:35:
/workspaces/Sere/./Sere/Std/Registry.hpp:33:28: note:   ‘const string’ {aka ‘const std::__cxx11::basic_string<char>’} is not derived from ‘const std::__cxx11::list<_Tp, _Alloc>’
   33 |         if (lib == reg.end()) {
      |                            ^
In file included from /usr/include/c++/9/set:61,
                 from /usr/lib/llvm-10/include/llvm/ADT/PostOrderIterator.h:23,
                 from /usr/lib/llvm-10/include/llvm/Transforms/Scalar/GVN.h:20,
                 from /workspaces/Sere/main.cpp:30:
/usr/include/c++/9/bits/stl_set.h:979:5: note: candidate: ‘template<class _Key, class _Compare, class _Alloc> bool std::operator==(const std::set<_Key, _Compare, _Allocator>&, const std::set<_Key, _Compare, _Allocator>&)’
  979 |     operator==(const set<_Key, _Compare, _Alloc>& __x,
      |     ^~~~~~~~
/usr/include/c++/9/bits/stl_set.h:979:5: note:   template argument deduction/substitution failed:
In file included from /workspaces/Sere/main.cpp:35:
/workspaces/Sere/./Sere/Std/Registry.hpp:33:28: note:   ‘const string’ {aka ‘const std::__cxx11::basic_string<char>’} is not derived from ‘const std::set<_Key, _Compare, _Allocator>’
   33 |         if (lib == reg.end()) {
      |                            ^
In file included from /usr/include/c++/9/set:62,
                 from /usr/lib/llvm-10/include/llvm/ADT/PostOrderIterator.h:23,
                 from /usr/lib/llvm-10/include/llvm/Transforms/Scalar/GVN.h:20,
                 from /workspaces/Sere/main.cpp:30:
/usr/include/c++/9/bits/stl_multiset.h:964:5: note: candidate: ‘template<class _Key, class _Compare, class _Alloc> bool std::operator==(const std::multiset<_Key, _Compare, _Allocator>&, const std::multiset<_Key, _Compare, _Allocator>&)’
  964 |     operator==(const multiset<_Key, _Compare, _Alloc>& __x,
      |     ^~~~~~~~
/usr/include/c++/9/bits/stl_multiset.h:964:5: note:   template argument deduction/substitution failed:
In file included from /workspaces/Sere/main.cpp:35:
/workspaces/Sere/./Sere/Std/Registry.hpp:33:28: note:   ‘const string’ {aka ‘const std::__cxx11::basic_string<char>’} is not derived from ‘const std::multiset<_Key, _Compare, _Allocator>’
   33 |         if (lib == reg.end()) {
      |                            ^
In file included from /usr/include/c++/9/string:41,
                 from /usr/include/c++/9/bits/locale_classes.h:40,
                 from /usr/include/c++/9/bits/ios_base.h:41,
                 from /usr/include/c++/9/ios:42,
                 from /usr/include/c++/9/ostream:38,
                 from /usr/include/c++/9/iostream:39,
                 from /workspaces/Sere/main.cpp:1:
/usr/include/c++/9/bits/allocator.h:155:7: note: candidate: ‘bool std::operator==(const std::allocator<char>&, const std::allocator<char>&)’
  155 |       operator==(const allocator&, const allocator&) _GLIBCXX_NOTHROW
      |       ^~~~~~~~
/usr/include/c++/9/bits/allocator.h:155:18: note:   no known conversion for argument 1 from ‘const string’ {aka ‘const std::__cxx11::basic_string<char>’} to ‘const std::allocator<char>&’
  155 |       operator==(const allocator&, const allocator&) _GLIBCXX_NOTHROW
      |                  ^~~~~~~~~~~~~~~~
In file included from /usr/include/c++/9/bits/stl_algobase.h:67,
                 from /usr/include/c++/9/bits/char_traits.h:39,
                 from /usr/include/c++/9/ios:40,
                 from /usr/include/c++/9/ostream:38,
                 from /usr/include/c++/9/iostream:39,
                 from /workspaces/Sere/main.cpp:1:
/usr/include/c++/9/bits/stl_iterator.h:883:5: note: candidate: ‘template<class _IteratorL, class _IteratorR, class _Container> bool __gnu_cxx::operator==(const __gnu_cxx::__normal_iterator<_IteratorL, _Container>&, const __gnu_cxx::__normal_iterator<_IteratorR, _Container>&)’
  883 |     operator==(const __normal_iterator<_IteratorL, _Container>& __lhs,
      |     ^~~~~~~~
/usr/include/c++/9/bits/stl_iterator.h:883:5: note:   template argument deduction/substitution failed:
In file included from /workspaces/Sere/main.cpp:35:
/workspaces/Sere/./Sere/Std/Registry.hpp:33:28: note:   ‘const string’ {aka ‘const std::__cxx11::basic_string<char>’} is not derived from ‘const __gnu_cxx::__normal_iterator<_IteratorL, _Container>’
   33 |         if (lib == reg.end()) {
      |                            ^
In file included from /usr/include/c++/9/bits/stl_algobase.h:67,
                 from /usr/include/c++/9/bits/char_traits.h:39,
                 from /usr/include/c++/9/ios:40,
                 from /usr/include/c++/9/ostream:38,
                 from /usr/include/c++/9/iostream:39,
                 from /workspaces/Sere/main.cpp:1:
/usr/include/c++/9/bits/stl_iterator.h:890:5: note: candidate: ‘template<class _Iterator, class _Container> bool __gnu_cxx::operator==(const __gnu_cxx::__normal_iterator<_Iterator, _Container>&, const __gnu_cxx::__normal_iterator<_Iterator, _Container>&)’
  890 |     operator==(const __normal_iterator<_Iterator, _Container>& __lhs,
      |     ^~~~~~~~
/usr/include/c++/9/bits/stl_iterator.h:890:5: note:   template argument deduction/substitution failed:
In file included from /workspaces/Sere/main.cpp:35:
/workspaces/Sere/./Sere/Std/Registry.hpp:33:28: note:   ‘const string’ {aka ‘const std::__cxx11::basic_string<char>’} is not derived from ‘const __gnu_cxx::__normal_iterator<_Iterator, _Container>’
   33 |         if (lib == reg.end()) {
      |                            ^
In file included from /usr/include/x86_64-linux-gnu/c++/9/bits/c++allocator.h:33,
                 from /usr/include/c++/9/bits/allocator.h:46,
                 from /usr/include/c++/9/string:41,
                 from /usr/include/c++/9/bits/locale_classes.h:40,
                 from /usr/include/c++/9/bits/ios_base.h:41,
                 from /usr/include/c++/9/ios:42,
                 from /usr/include/c++/9/ostream:38,
                 from /usr/include/c++/9/iostream:39,
                 from /workspaces/Sere/main.cpp:1:
/usr/include/c++/9/ext/new_allocator.h:166:2: note: candidate: ‘template<class _Up> bool __gnu_cxx::operator==(const __gnu_cxx::new_allocator<char>&, const __gnu_cxx::new_allocator<_Tp>&)’
  166 |  operator==(const new_allocator&, const new_allocator<_Up>&)
      |  ^~~~~~~~
/usr/include/c++/9/ext/new_allocator.h:166:2: note:   template argument deduction/substitution failed:
In file included from /workspaces/Sere/main.cpp:35:
/workspaces/Sere/./Sere/Std/Registry.hpp:33:28: note:   ‘std::unordered_map<std::__cxx11::basic_string<char>, std::function<void(llvm::Module&, llvm::LLVMContext&)> >::iterator’ {aka ‘std::__detail::_Node_iterator<std::pair<const std::__cxx11::basic_string<char>, std::function<void(llvm::Module&, llvm::LLVMContext&)> >, false, true>’} is not derived from ‘const __gnu_cxx::new_allocator<_Tp>’
   33 |         if (lib == reg.end()) {
      |                            ^
In file included from /usr/lib/llvm-10/include/llvm/ADT/STLExtras.h:19,
                 from /usr/lib/llvm-10/include/llvm/ADT/ArrayRef.h:15,
                 from /usr/lib/llvm-10/include/llvm/ADT/DenseMapInfo.h:16,
                 from /usr/lib/llvm-10/include/llvm/ADT/DenseMap.h:16,
                 from /usr/lib/llvm-10/include/llvm/ADT/DenseSet.h:16,
                 from /usr/lib/llvm-10/include/llvm/IR/Function.h:20,
                 from /workspaces/Sere/./Sere/Parser/AST/./AST.hpp:14,
                 from /workspaces/Sere/./Sere/Parser/AST/Expr.hpp:7,
                 from /workspaces/Sere/./Sere/Parser/Parser.hpp:12,
                 from /workspaces/Sere/main.cpp:13:
/usr/lib/llvm-10/include/llvm/ADT/Optional.h:298:6: note: candidate: ‘template<class T, class U> bool llvm::operator==(const llvm::Optional<T>&, const llvm::Optional<U>&)’
  298 | bool operator==(const Optional<T> &X, const Optional<U> &Y) {
      |      ^~~~~~~~
/usr/lib/llvm-10/include/llvm/ADT/Optional.h:298:6: note:   template argument deduction/substitution failed:
In file included from /workspaces/Sere/main.cpp:35:
/workspaces/Sere/./Sere/Std/Registry.hpp:33:28: note:   ‘const string’ {aka ‘const std::__cxx11::basic_string<char>’} is not derived from ‘const llvm::Optional<T>’
   33 |         if (lib == reg.end()) {
      |                            ^
In file included from /usr/lib/llvm-10/include/llvm/ADT/STLExtras.h:19,
                 from /usr/lib/llvm-10/include/llvm/ADT/ArrayRef.h:15,
                 from /usr/lib/llvm-10/include/llvm/ADT/DenseMapInfo.h:16,
                 from /usr/lib/llvm-10/include/llvm/ADT/DenseMap.h:16,
                 from /usr/lib/llvm-10/include/llvm/ADT/DenseSet.h:16,
                 from /usr/lib/llvm-10/include/llvm/IR/Function.h:20,
                 from /workspaces/Sere/./Sere/Parser/AST/./AST.hpp:14,
                 from /workspaces/Sere/./Sere/Parser/AST/Expr.hpp:7,
                 from /workspaces/Sere/./Sere/Parser/Parser.hpp:12,
                 from /workspaces/Sere/main.cpp:13:
/usr/lib/llvm-10/include/llvm/ADT/Optional.h:332:6: note: candidate: ‘template<class T> bool llvm::operator==(const llvm::Optional<T>&, llvm::NoneType)’
  332 | bool operator==(const Optional<T> &X, NoneType) {
      |      ^~~~~~~~
/usr/lib/llvm-10/include/llvm/ADT/Optional.h:332:6: note:   template argument deduction/substitution failed:
In file included from /workspaces/Sere/main.cpp:35:
/workspaces/Sere/./Sere/Std/Registry.hpp:33:28: note:   ‘const string’ {aka ‘const std::__cxx11::basic_string<char>’} is not derived from ‘const llvm::Optional<T>’
   33 |         if (lib == reg.end()) {
      |                            ^
In file included from /usr/lib/llvm-10/include/llvm/ADT/STLExtras.h:19,
                 from /usr/lib/llvm-10/include/llvm/ADT/ArrayRef.h:15,
                 from /usr/lib/llvm-10/include/llvm/ADT/DenseMapInfo.h:16,
                 from /usr/lib/llvm-10/include/llvm/ADT/DenseMap.h:16,
                 from /usr/lib/llvm-10/include/llvm/ADT/DenseSet.h:16,
                 from /usr/lib/llvm-10/include/llvm/IR/Function.h:20,
                 from /workspaces/Sere/./Sere/Parser/AST/./AST.hpp:14,
                 from /workspaces/Sere/./Sere/Parser/AST/Expr.hpp:7,
                 from /workspaces/Sere/./Sere/Parser/Parser.hpp:12,
                 from /workspaces/Sere/main.cpp:13:
/usr/lib/llvm-10/include/llvm/ADT/Optional.h:337:6: note: candidate: ‘template<class T> bool llvm::operator==(llvm::NoneType, const llvm::Optional<T>&)’
  337 | bool operator==(NoneType, const Optional<T> &X) {
      |      ^~~~~~~~
/usr/lib/llvm-10/include/llvm/ADT/Optional.h:337:6: note:   template argument deduction/substitution failed:
In file included from /workspaces/Sere/main.cpp:35:
/workspaces/Sere/./Sere/Std/Registry.hpp:33:28: note:   ‘std::unordered_map<std::__cxx11::basic_string<char>, std::function<void(llvm::Module&, llvm::LLVMContext&)> >::iterator’ {aka ‘std::__detail::_Node_iterator<std::pair<const std::__cxx11::basic_string<char>, std::function<void(llvm::Module&, llvm::LLVMContext&)> >, false, true>’} is not derived from ‘const llvm::Optional<T>’
   33 |         if (lib == reg.end()) {
      |                            ^
In file included from /usr/lib/llvm-10/include/llvm/ADT/STLExtras.h:19,
                 from /usr/lib/llvm-10/include/llvm/ADT/ArrayRef.h:15,
                 from /usr/lib/llvm-10/include/llvm/ADT/DenseMapInfo.h:16,
                 from /usr/lib/llvm-10/include/llvm/ADT/DenseMap.h:16,
                 from /usr/lib/llvm-10/include/llvm/ADT/DenseSet.h:16,
                 from /usr/lib/llvm-10/include/llvm/IR/Function.h:20,
                 from /workspaces/Sere/./Sere/Parser/AST/./AST.hpp:14,
                 from /workspaces/Sere/./Sere/Parser/AST/Expr.hpp:7,
                 from /workspaces/Sere/./Sere/Parser/Parser.hpp:12,
                 from /workspaces/Sere/main.cpp:13:
/usr/lib/llvm-10/include/llvm/ADT/Optional.h:383:28: note: candidate: ‘template<class T> bool llvm::operator==(const llvm::Optional<T>&, const T&)’
  383 | template <typename T> bool operator==(const Optional<T> &X, const T &Y) {
      |                            ^~~~~~~~
/usr/lib/llvm-10/include/llvm/ADT/Optional.h:383:28: note:   template argument deduction/substitution failed:
In file included from /workspaces/Sere/main.cpp:35:
/workspaces/Sere/./Sere/Std/Registry.hpp:33:28: note:   ‘const string’ {aka ‘const std::__cxx11::basic_string<char>’} is not derived from ‘const llvm::Optional<T>’
   33 |         if (lib == reg.end()) {
      |                            ^
In file included from /usr/lib/llvm-10/include/llvm/ADT/STLExtras.h:19,
                 from /usr/lib/llvm-10/include/llvm/ADT/ArrayRef.h:15,
                 from /usr/lib/llvm-10/include/llvm/ADT/DenseMapInfo.h:16,
                 from /usr/lib/llvm-10/include/llvm/ADT/DenseMap.h:16,
                 from /usr/lib/llvm-10/include/llvm/ADT/DenseSet.h:16,
                 from /usr/lib/llvm-10/include/llvm/IR/Function.h:20,
                 from /workspaces/Sere/./Sere/Parser/AST/./AST.hpp:14,
                 from /workspaces/Sere/./Sere/Parser/AST/Expr.hpp:7,
                 from /workspaces/Sere/./Sere/Parser/Parser.hpp:12,
                 from /workspaces/Sere/main.cpp:13:
/usr/lib/llvm-10/include/llvm/ADT/Optional.h:387:28: note: candidate: ‘template<class T> bool llvm::operator==(const T&, const llvm::Optional<T>&)’
  387 | template <typename T> bool operator==(const T &X, const Optional<T> &Y) {
      |                            ^~~~~~~~
/usr/lib/llvm-10/include/llvm/ADT/Optional.h:387:28: note:   template argument deduction/substitution failed:
In file included from /workspaces/Sere/main.cpp:35:
/workspaces/Sere/./Sere/Std/Registry.hpp:33:28: note:   ‘std::unordered_map<std::__cxx11::basic_string<char>, std::function<void(llvm::Module&, llvm::LLVMContext&)> >::iterator’ {aka ‘std::__detail::_Node_iterator<std::pair<const std::__cxx11::basic_string<char>, std::function<void(llvm::Module&, llvm::LLVMContext&)> >, false, true>’} is not derived from ‘const llvm::Optional<T>’
   33 |         if (lib == reg.end()) {
      |                            ^
In file included from /usr/lib/llvm-10/include/llvm/ADT/DenseMapInfo.h:16,
                 from /usr/lib/llvm-10/include/llvm/ADT/DenseMap.h:16,
                 from /usr/lib/llvm-10/include/llvm/ADT/DenseSet.h:16,
                 from /usr/lib/llvm-10/include/llvm/IR/Function.h:20,
                 from /workspaces/Sere/./Sere/Parser/AST/./AST.hpp:14,
                 from /workspaces/Sere/./Sere/Parser/AST/Expr.hpp:7,
                 from /workspaces/Sere/./Sere/Parser/Parser.hpp:12,
                 from /workspaces/Sere/main.cpp:13:
/usr/lib/llvm-10/include/llvm/ADT/ArrayRef.h:533:15: note: candidate: ‘template<class T> bool llvm::operator==(llvm::ArrayRef<T>, llvm::ArrayRef<T>)’
  533 |   inline bool operator==(ArrayRef<T> LHS, ArrayRef<T> RHS) {
      |               ^~~~~~~~
/usr/lib/llvm-10/include/llvm/ADT/ArrayRef.h:533:15: note:   template argument deduction/substitution failed:
In file included from /workspaces/Sere/main.cpp:35:
/workspaces/Sere/./Sere/Std/Registry.hpp:33:28: note:   ‘std::__cxx11::basic_string<char>’ is not derived from ‘llvm::ArrayRef<T>’
   33 |         if (lib == reg.end()) {
      |                            ^
In file included from /usr/lib/llvm-10/include/llvm/ADT/DenseMapInfo.h:18,
                 from /usr/lib/llvm-10/include/llvm/ADT/DenseMap.h:16,
                 from /usr/lib/llvm-10/include/llvm/ADT/DenseSet.h:16,
                 from /usr/lib/llvm-10/include/llvm/IR/Function.h:20,
                 from /workspaces/Sere/./Sere/Parser/AST/./AST.hpp:14,
                 from /workspaces/Sere/./Sere/Parser/AST/Expr.hpp:7,
                 from /workspaces/Sere/./Sere/Parser/Parser.hpp:12,
                 from /workspaces/Sere/main.cpp:13:
/usr/lib/llvm-10/include/llvm/ADT/StringRef.h:888:15: note: candidate: ‘bool llvm::operator==(llvm::StringRef, llvm::StringRef)’
  888 |   inline bool operator==(StringRef LHS, StringRef RHS) {
      |               ^~~~~~~~
/usr/lib/llvm-10/include/llvm/ADT/StringRef.h:888:51: note:   no known conversion for argument 2 from ‘std::unordered_map<std::__cxx11::basic_string<char>, std::function<void(llvm::Module&, llvm::LLVMContext&)> >::iterator’ {aka ‘std::__detail::_Node_iterator<std::pair<const std::__cxx11::basic_string<char>, std::function<void(llvm::Module&, llvm::LLVMContext&)> >, false, true>’} to ‘llvm::StringRef’
  888 |   inline bool operator==(StringRef LHS, StringRef RHS) {
      |                                         ~~~~~~~~~~^~~
In file included from /usr/lib/llvm-10/include/llvm/ADT/DenseSet.h:16,
                 from /usr/lib/llvm-10/include/llvm/IR/Function.h:20,
                 from /workspaces/Sere/./Sere/Parser/AST/./AST.hpp:14,
                 from /workspaces/Sere/./Sere/Parser/AST/Expr.hpp:7,
                 from /workspaces/Sere/./Sere/Parser/Parser.hpp:12,
                 from /workspaces/Sere/main.cpp:13:
/usr/lib/llvm-10/include/llvm/ADT/DenseMap.h:655:6: note: candidate: ‘template<class DerivedT, class KeyT, class ValueT, class KeyInfoT, class BucketT> bool llvm::operator==(const llvm::DenseMapBase<DerivedT, KeyT, ValueT, KeyInfoT, BucketT>&, const llvm::DenseMapBase<DerivedT, KeyT, ValueT, KeyInfoT, BucketT>&)’
  655 | bool operator==(
      |      ^~~~~~~~
/usr/lib/llvm-10/include/llvm/ADT/DenseMap.h:655:6: note:   template argument deduction/substitution failed:
In file included from /workspaces/Sere/main.cpp:35:
/workspaces/Sere/./Sere/Std/Registry.hpp:33:28: note:   ‘const string’ {aka ‘const std::__cxx11::basic_string<char>’} is not derived from ‘const llvm::DenseMapBase<DerivedT, KeyT, ValueT, KeyInfoT, BucketT>’
   33 |         if (lib == reg.end()) {
      |                            ^
In file included from /usr/lib/llvm-10/include/llvm/Support/Allocator.h:25,
                 from /usr/lib/llvm-10/include/llvm/ADT/FoldingSet.h:20,
                 from /usr/lib/llvm-10/include/llvm/IR/Attributes.h:20,
                 from /usr/lib/llvm-10/include/llvm/IR/Argument.h:18,
                 from /usr/lib/llvm-10/include/llvm/IR/Function.h:25,
                 from /workspaces/Sere/./Sere/Parser/AST/./AST.hpp:14,
                 from /workspaces/Sere/./Sere/Parser/AST/Expr.hpp:7,
                 from /workspaces/Sere/./Sere/Parser/Parser.hpp:12,
                 from /workspaces/Sere/main.cpp:13:
/usr/lib/llvm-10/include/llvm/Support/Alignment.h:252:13: note: candidate: ‘bool llvm::operator==(llvm::Align, uint64_t)’
  252 | inline bool operator==(Align Lhs, uint64_t Rhs) {
      |             ^~~~~~~~
/usr/lib/llvm-10/include/llvm/Support/Alignment.h:252:30: note:   no known conversion for argument 1 from ‘const string’ {aka ‘const std::__cxx11::basic_string<char>’} to ‘llvm::Align’
  252 | inline bool operator==(Align Lhs, uint64_t Rhs) {
      |                        ~~~~~~^~~
/usr/lib/llvm-10/include/llvm/Support/Alignment.h:278:13: note: candidate: ‘bool llvm::operator==(llvm::MaybeAlign, uint64_t)’
  278 | inline bool operator==(MaybeAlign Lhs, uint64_t Rhs) {
      |             ^~~~~~~~
/usr/lib/llvm-10/include/llvm/Support/Alignment.h:278:35: note:   no known conversion for argument 1 from ‘const string’ {aka ‘const std::__cxx11::basic_string<char>’} to ‘llvm::MaybeAlign’
  278 | inline bool operator==(MaybeAlign Lhs, uint64_t Rhs) {
      |                        ~~~~~~~~~~~^~~
/usr/lib/llvm-10/include/llvm/Support/Alignment.h:306:13: note: candidate: ‘bool llvm::operator==(llvm::Align, llvm::Align)’
  306 | inline bool operator==(Align Lhs, Align Rhs) {
      |             ^~~~~~~~
/usr/lib/llvm-10/include/llvm/Support/Alignment.h:306:30: note:   no known conversion for argument 1 from ‘const string’ {aka ‘const std::__cxx11::basic_string<char>’} to ‘llvm::Align’
  306 | inline bool operator==(Align Lhs, Align Rhs) {
      |                        ~~~~~~^~~
/usr/lib/llvm-10/include/llvm/Support/Alignment.h:326:13: note: candidate: ‘bool llvm::operator==(llvm::Align, llvm::MaybeAlign)’
  326 | inline bool operator==(Align Lhs, MaybeAlign Rhs) {
      |             ^~~~~~~~
/usr/lib/llvm-10/include/llvm/Support/Alignment.h:326:30: note:   no known conversion for argument 1 from ‘const string’ {aka ‘const std::__cxx11::basic_string<char>’} to ‘llvm::Align’
  326 | inline bool operator==(Align Lhs, MaybeAlign Rhs) {
      |                        ~~~~~~^~~
/usr/lib/llvm-10/include/llvm/Support/Alignment.h:352:13: note: candidate: ‘bool llvm::operator==(llvm::MaybeAlign, llvm::Align)’
  352 | inline bool operator==(MaybeAlign Lhs, Align Rhs) {
      |             ^~~~~~~~
/usr/lib/llvm-10/include/llvm/Support/Alignment.h:352:35: note:   no known conversion for argument 1 from ‘const string’ {aka ‘const std::__cxx11::basic_string<char>’} to ‘llvm::MaybeAlign’
  352 | inline bool operator==(MaybeAlign Lhs, Align Rhs) {
      |                        ~~~~~~~~~~~^~~
In file included from /usr/lib/llvm-10/include/llvm/IR/Metadata.h:22,
                 from /usr/lib/llvm-10/include/llvm/IR/TrackingMDRef.h:16,
                 from /usr/lib/llvm-10/include/llvm/IR/DebugLoc.h:17,
                 from /usr/lib/llvm-10/include/llvm/IR/Instruction.h:21,
                 from /usr/lib/llvm-10/include/llvm/IR/BasicBlock.h:22,
                 from /usr/lib/llvm-10/include/llvm/IR/Function.h:27,
                 from /workspaces/Sere/./Sere/Parser/AST/./AST.hpp:14,
                 from /workspaces/Sere/./Sere/Parser/AST/Expr.hpp:7,
                 from /workspaces/Sere/./Sere/Parser/Parser.hpp:12,
                 from /workspaces/Sere/main.cpp:13:
/usr/lib/llvm-10/include/llvm/ADT/PointerUnion.h:243:6: note: candidate: ‘template<class ... PTs> bool llvm::operator==(llvm::PointerUnion<PTs ...>, llvm::PointerUnion<PTs ...>)’
  243 | bool operator==(PointerUnion<PTs...> lhs, PointerUnion<PTs...> rhs) {
      |      ^~~~~~~~
/usr/lib/llvm-10/include/llvm/ADT/PointerUnion.h:243:6: note:   template argument deduction/substitution failed:
In file included from /workspaces/Sere/main.cpp:35:
/workspaces/Sere/./Sere/Std/Registry.hpp:33:28: note:   ‘std::__cxx11::basic_string<char>’ is not derived from ‘llvm::PointerUnion<PTs ...>’
   33 |         if (lib == reg.end()) {
      |                            ^
In file included from /usr/lib/llvm-10/include/llvm/ADT/APFloat.h:19,
                 from /usr/lib/llvm-10/include/llvm/IR/Type.h:17,
                 from /usr/lib/llvm-10/include/llvm/IR/DerivedTypes.h:23,
                 from /usr/lib/llvm-10/include/llvm/IR/Function.h:29,
                 from /workspaces/Sere/./Sere/Parser/AST/./AST.hpp:14,
                 from /workspaces/Sere/./Sere/Parser/AST/Expr.hpp:7,
                 from /workspaces/Sere/./Sere/Parser/Parser.hpp:12,
                 from /workspaces/Sere/main.cpp:13:
/usr/lib/llvm-10/include/llvm/ADT/APInt.h:2024:13: note: candidate: ‘bool llvm::operator==(uint64_t, const llvm::APInt&)’
 2024 | inline bool operator==(uint64_t V1, const APInt &V2) { return V2 == V1; }
      |             ^~~~~~~~
/usr/lib/llvm-10/include/llvm/ADT/APInt.h:2024:33: note:   no known conversion for argument 1 from ‘const string’ {aka ‘const std::__cxx11::basic_string<char>’} to ‘uint64_t’ {aka ‘long unsigned int’}
 2024 | inline bool operator==(uint64_t V1, const APInt &V2) { return V2 == V1; }
      |                        ~~~~~~~~~^~
In file included from /usr/lib/llvm-10/include/llvm/IR/Type.h:19,
                 from /usr/lib/llvm-10/include/llvm/IR/DerivedTypes.h:23,
                 from /usr/lib/llvm-10/include/llvm/IR/Function.h:29,
                 from /workspaces/Sere/./Sere/Parser/AST/./AST.hpp:14,
                 from /workspaces/Sere/./Sere/Parser/AST/Expr.hpp:7,
                 from /workspaces/Sere/./Sere/Parser/Parser.hpp:12,
                 from /workspaces/Sere/main.cpp:13:
/usr/lib/llvm-10/include/llvm/ADT/SmallPtrSet.h:417:6: note: candidate: ‘template<class PtrType> bool llvm::operator==(const llvm::SmallPtrSetImpl<PtrType>&, const llvm::SmallPtrSetImpl<PtrType>&)’
  417 | bool operator==(const SmallPtrSetImpl<PtrType> &LHS,
      |      ^~~~~~~~
/usr/lib/llvm-10/include/llvm/ADT/SmallPtrSet.h:417:6: note:   template argument deduction/substitution failed:
In file included from /workspaces/Sere/main.cpp:35:
/workspaces/Sere/./Sere/Std/Registry.hpp:33:28: note:   ‘const string’ {aka ‘const std::__cxx11::basic_string<char>’} is not derived from ‘const llvm::SmallPtrSetImpl<PtrType>’
   33 |         if (lib == reg.end()) {
      |                            ^
In file included from /usr/lib/llvm-10/include/llvm/IR/GlobalValue.h:27,
                 from /usr/lib/llvm-10/include/llvm/IR/GlobalObject.h:18,
                 from /usr/lib/llvm-10/include/llvm/IR/Function.h:30,
                 from /workspaces/Sere/./Sere/Parser/AST/./AST.hpp:14,
                 from /workspaces/Sere/./Sere/Parser/AST/Expr.hpp:7,
                 from /workspaces/Sere/./Sere/Parser/Parser.hpp:12,
                 from /workspaces/Sere/main.cpp:13:
/usr/lib/llvm-10/include/llvm/Support/MD5.h:104:13: note: candidate: ‘bool llvm::operator==(const llvm::MD5::MD5Result&, const llvm::MD5::MD5Result&)’
  104 | inline bool operator==(const MD5::MD5Result &LHS, const MD5::MD5Result &RHS) {
      |             ^~~~~~~~
/usr/lib/llvm-10/include/llvm/Support/MD5.h:104:46: note:   no known conversion for argument 1 from ‘const string’ {aka ‘const std::__cxx11::basic_string<char>’} to ‘const llvm::MD5::MD5Result&’
  104 | inline bool operator==(const MD5::MD5Result &LHS, const MD5::MD5Result &RHS) {
      |                        ~~~~~~~~~~~~~~~~~~~~~~^~~
In file included from /usr/lib/llvm-10/include/llvm/Support/MemoryBuffer.h:21,
                 from /usr/lib/llvm-10/include/llvm/Support/SourceMgr.h:24,
                 from /workspaces/Sere/main.cpp:22:
/usr/lib/llvm-10/include/llvm/Support/ErrorOr.h:272:1: note: candidate: ‘template<class T, class E> typename std::enable_if<(std::is_error_code_enum<E>::value || std::is_error_condition_enum<E>::value), bool>::type llvm::operator==(const llvm::ErrorOr<T>&, E)’
  272 | operator==(const ErrorOr<T> &Err, E Code) {
      | ^~~~~~~~
/usr/lib/llvm-10/include/llvm/Support/ErrorOr.h:272:1: note:   template argument deduction/substitution failed:
In file included from /workspaces/Sere/main.cpp:35:
/workspaces/Sere/./Sere/Std/Registry.hpp:33:28: note:   ‘const string’ {aka ‘const std::__cxx11::basic_string<char>’} is not derived from ‘const llvm::ErrorOr<T>’
   33 |         if (lib == reg.end()) {
      |                            ^
make[2]: *** [CMakeFiles/Sere.dir/build.make:66: CMakeFiles/Sere.dir/main.cpp.o] Error 1
make[2]: Leaving directory '/workspaces/Sere'
make[1]: *** [CMakeFiles/Makefile2:80: CMakeFiles/Sere.dir/all] Error 2
make[1]: Leaving directory '/workspaces/Sere'
make: *** [Makefile:87: all] Error 2
